# T[yr] dE/E m1[MSun] x1[AU] y1[AU] z1[AU] vx1[2piAU/yr] vy1[2piAU/yr] vz1[2piAU/yr] m2[MSun] x2[AU] y2[AU] z2[AU] vx2[2piAU/yr] vy2[2piAU/yr] vz2[2piAU/yr]
0.0 0.0 1.0 -2.9391612119079763e-06 0.0 0.0 0.0 -3.0412649485101793e-06 0.0 2.99e-06 0.9829970608387881 0.0 0.0 0.0 1.017145467729157 0.0 
0.009999985050033525 0.008514502051385549 1.0 -2.9391612119079763e-06 -1.9108802672080798e-07 0.0 1.9442108916046303e-07 -3.0412649485101793e-06 0.0 2.99e-06 0.9829970608387881 0.06390903903705952 0.0 -0.06502377563895084 1.017145467729157 0.0 
0.01999997010006705 0.01698294491071014 1.0 -2.9269453928624233e-06 -3.8217605344161595e-07 0.0 3.876159668744777e-07 -3.0287044847270533e-06 0.0 2.99e-06 0.9789115026295732 0.12781807807411905 0.0 -0.12963744711520991 1.0129446437214225 0.0 
0.029999955150100573 0.02540243385806165 1.0 -2.9025907997935735e-06 -5.724748841273361e-07 0.0 5.787544616746248e-07 -3.0037472184310624e-06 0.0 2.99e-06 0.9707661537771151 0.19146317194894186 0.0 -0.19356336510857017 1.0045977319167432 0.0 
0.0399999402001341 0.03376919067066157 1.0 -2.8662266388573672e-06 -7.612056058683941e-07 0.0 7.670146150054623e-07 -2.96661686940924e-06 0.0 2.99e-06 0.9586042270425978 0.2545838146717037 0.0 -0.2565266270921278 0.9921795549863678 0.0 
0.04999992525016763 0.04207861722846762 1.0 -2.818033761311722e-06 -9.476033624629886e-07 0.0 9.515883822611925e-07 -2.9175982103728003e-06 0.0 2.99e-06 0.9424862077965627 0.31692420149263834 0.0 -0.31825698403384356 0.9757853546397324 0.0 
0.05999991030020115 0.05032536836523798 1.0 -2.7582437892786e-06 -1.1309211904797189e-06 0.0 1.13168768998617e-06 -2.857037293069238e-06 0.0 2.99e-06 0.922489561631639 0.3782345118661267 0.0 -0.3784908662161103 0.9555308672472367 0.0 
0.06999989535023468 0.05850343413961981 1.0 -2.6871378609215123e-06 -1.310433869527232e-06 0.0 1.3065507266837401e-06 -2.7853408337491444e-06 0.0 2.99e-06 0.8987083146894692 0.43827219716629834 0.0 -0.4369734871851973 0.9315521183107505 0.0 
0.0799998804002682 0.06660623125974387 1.0 -2.605044980360436e-06 -1.48544173391167e-06 0.0 1.4754483297583018e-06 -2.7029747062907747e-06 0.0 2.99e-06 0.8712525017927882 0.49680325548885285 0.0 -0.4934609798522748 0.9040049184918977 0.0 
0.08999986545030172 0.0746267029420846 1.0 -2.512339966283928e-06 -1.655274389614482e-06 0.0 1.6376903199962593e-06 -2.6104615154978056e-06 0.0 2.99e-06 0.8402474803625181 0.5536034747874522 0.0 -0.5477225150489161 0.8730640520059548 0.0 
0.09999985050033523 0.08255742604105976 1.0 -2.4094410025546563e-06 -1.8192942787962665e-06 0.0 1.792631628608098e-06 -2.5083772500399413e-06 0.0 2.99e-06 0.8058331112222935 0.6084596250154738 0.0 -0.5995423507050495 0.8389221572039935 0.0 
0.10999983555036875 0.09039072387235217 1.0 -2.2968068038420994e-06 -1.9769000339989836e-06 0.0 1.939678060938675e-06 -2.3973470431277253e-06 0.0 2.99e-06 0.768162810649532 0.6611705799327704 0.0 -0.6487217595112624 0.8017883087383695 0.0 
0.11999982060040228 0.09811878279324149 1.0 -2.1749334191111887e-06 -2.127529565983907e-06 0.0 2.0782915459616693e-06 -2.2780400980262542e-06 0.0 2.99e-06 0.7274024813080903 0.7115483498273937 0.0 -0.6950807846025648 0.7618863204101183 0.0 
0.12999980565043578 0.10573377031883441 1.0 -2.0443507052759808e-06 -2.270662832730678e-06 0.0 2.2079947317280785e-06 -2.151163863519219e-06 0.0 2.99e-06 0.6837293328682215 0.7594190076022336 0.0 -0.738459776497685 0.7194527971636182 0.0 
0.1399997907004693 0.11322795236236001 1.0 -1.9056185121132166e-06 -2.405824242470518e-06 0.0 2.3283748037908986e-06 -2.0174575700104513e-06 0.0 2.99e-06 0.6373306060579325 0.8046234924650563 0.0 -0.77872067016418 0.6747349732476424 0.0 
0.14999977575050283 0.1205938071036662 1.0 -1.7593226272575398e-06 -2.5325846505813286e-06 0.0 2.4390864256611302e-06 -1.8776852587500703e-06 0.0 2.99e-06 0.5884022164740941 0.8470182777863976 0.0 -0.8157479684485385 0.6279883808528661 0.0 
0.15999976080053638 0.1278241330195521 1.0 -1.6060705364426925e-06 -2.650562918496811e-06 0.0 2.539853726605426e-06 -1.7326284535353008e-06 0.0 2.99e-06 0.5371473366029077 0.8864758924738501 0.0 -0.8494494068914469 0.5794743991756858 0.0 
0.1699997458505699 0.13491214875182841 1.0 -1.4464870588458879e-06 -2.7594270121656554e-06 0.0 2.6304712913344143e-06 -1.5830786352769228e-06 0.0 2.99e-06 0.48377493606885935 0.9228852883497178 0.0 -0.8797562847272289 0.5294577375508102 0.0 
0.17999973090060345 0.1418515827361574 1.0 -1.2812099202483243e-06 -2.8588946276745003e-06 0.0 2.7108041369216507e-06 -1.4298296845020578e-06 0.0 2.99e-06 0.42849830108639664 0.9561520493894652 0.0 -0.9066234571644317 0.4782039078602198 0.0 
0.18999971595063697 0.14863675085172406 1.0 -1.1108853276459224e-06 -2.9487333420200483e-06 0.0 2.7807866931169367e-06 -1.2736704550302364e-06 0.0 2.99e-06 0.3715335543966301 0.9861984421471736 0.0 -0.9300289943534906 0.42597674081278797 0.0 
0.19999970100067052 0.15526262075838854 1.0 -9.361636079287697e-07 -3.028760297272187e-06 0.0 2.8404208315790963e-06 -1.115377633953336e-06 0.0 2.99e-06 0.3130981966316961 1.0129633101244775 0.0 -0.9499735222672564 0.37303599797770426 0.0 
0.20999968605070404 0.16172486203966938 1.0 -7.576949703873373e-07 -3.098841436117086e-06 0.0 2.8897730160885194e-06 -9.557090292780249e-07 0.0 2.99e-06 0.2534096890927555 1.0364018180993602 0.0 -0.9664792695948227 0.31963512684883766 0.0 
0.2199996711007376 0.16801988174070623 1.0 -5.761254482758557e-07 -3.158890315651064e-06 0.0 2.928970668369275e-06 -7.953974080671553e-07 0.0 2.99e-06 0.19268409641333023 1.0564850554016938 0.0 -0.9795888522974167 0.2660192000224599 0.0 
0.22999965615077111 0.17414484535430355 1.0 -3.920930687174795e-07 -3.208866534014036e-06 0.0 2.9581978619080846e-06 -6.35144985787073e-07 0.0 2.99e-06 0.1311348055911308 1.0731995097036913 0.0 -0.9893638334140753 0.21242307216958956 0.0 
0.23999964120080466 0.18009768374172405 1.0 -2.0622429317438178e-07 -3.248773810778963e-06 0.0 2.977690468590146e-06 -4.756186431068488e-07 0.0 2.99e-06 0.0689713355098272 1.086546425009687 0.0 -0.9958830998629253 0.15906978030329383 0.0 
0.2499996262508382 0.18587708685820717 1.0 -1.913076286325749e-08 -3.2786577668043784e-06 0.0 2.9877308899102194e-06 -3.174459209132581e-07 0.0 2.99e-06 0.006398248449250507 1.0965410591318996 0.0 -0.9992411003044215 0.10616920431881535 0.0 
0.25999961130087174 0.19148248547140206 1.0 1.6859362478189756e-07 -3.2986034524466636e-06 0.0 2.9886425061161196e-06 -1.6121181905421573e-07 0.0 2.99e-06 -0.05638582768625287 1.1032118570055736 0.0 -0.9995459886675988 0.05391699633920252 0.0 
0.26999959635090526 0.19691402230458938 1.0 3.5637529087692837e-07 -3.308732674631739e-06 0.0 2.980783973336656e-06 -7.456400419379438e-09 0.0 2.99e-06 -0.11918906049395551 1.1065995567330236 0.0 -0.9969177168350022 0.0024937794044746706 0.0 
0.2799995814009388 0.20217251420189752 1.0 5.436631915331788e-07 -3.309201173386929e-06 0.0 2.964543491193639e-06 1.43326819669049e-07 0.0 2.99e-06 -0.18182715435892222 1.1067562452799098 0.0 -0.9914861174560667 -0.04793539119366193 0.0 
0.28999956645097236 0.20725940700084708 1.0 7.29930674127128e-07 -3.300195697175412e-06 0.0 2.940333152405461e-06 2.90691737459413e-07 0.0 2.99e-06 -0.24412397127997545 1.1037443803262252 0.0 -0.9833890141824286 -0.09722131687605791 0.0 
0.2999995515010059 0.21217672481399907 1.0 9.146769785456796e-07 -3.281931023943843e-06 0.0 2.9085834723447333e-06 4.34239832144446e-07 0.0 2.99e-06 -0.30591203295842084 1.097635793961152 0.0 -0.9727703920885397 -0.145230713091788 0.0 
0.3099995365510394 0.2169270153750308 1.0 1.0974283947139348e-06 -3.25464697140225e-06 0.0 2.869738181313557e-06 5.736197102431034e-07 0.0 2.99e-06 -0.36703290793108145 1.0885106927766728 0.0 -0.9597786559577115 -0.1918460569374928 0.0 
0.3199995216010729 0.2215132930060858 1.0 1.2777390929124586e-06 -3.2186054359312245e-06 0.0 2.824249346300983e-06 7.085260966819948e-07 0.0 2.99e-06 -0.4273374892683804 1.0764566675355272 0.0 -0.9445649987628707 -0.2369652497264197 0.0 
0.32999950665110644 0.22593898062485135 1.0 1.4551916475859866e-06 -3.1740874948812404e-06 0.0 2.772572872952175e-06 8.386983509026181e-07 0.0 2.99e-06 -0.4866861697611991 1.0615677240405492 0.0 -0.9272818973084198 -0.28050112070321676 0.0 
0.33999949170113997 0.23020785204357333 1.0 1.629397278532941e-06 -3.1213906021075654e-06 0.0 2.7151644230518787e-06 9.639185878599491e-07 0.0 2.99e-06 -0.5449489225862675 1.0439433451864772 0.0 -0.9080817468400934 -0.3223807986153676 0.0 
0.34999947675117343 0.23432397562967333 1.0 1.7999958355832518e-06 -3.060825901566136e-06 0.0 2.6524757685137473e-06 1.084009482641774e-06 0.0 2.99e-06 -0.6020052961816892 1.023687592497036 0.0 -0.8871156416433938 -0.36254497747216524 0.0 
0.35999946180120695 0.23829166020900716 1.0 1.9666555541909133e-06 -2.9927156788490612e-06 0.0 2.584951590039338e-06 1.1988318340998685e-06 0.0 2.99e-06 -0.6577443325053218 1.0009082537956733 0.0 -0.8645323043609827 -0.40094710170564163 0.0 
0.3699994468512405 0.24211540390671404 1.0 2.129072609880653e-06 -2.9173909658014685e-06 0.0 2.513026717499507e-06 1.3082819578342854e-06 0.0 2.99e-06 -0.7120644180202851 0.9757160420740704 0.0 -0.8404771630433134 -0.4375524942589583 0.0 
0.37999943190127394 0.24579984644394068 1.0 2.2869704993029114e-06 -2.8351893089417284e-06 0.0 2.4371237998092015e-06 1.4122889725880393e-06 0.0 2.99e-06 -0.7648730766899366 0.9482238491443914 0.0 -0.8150915718425423 -0.4723374490261001 0.0 
0.38999941695130746 0.24934972524650184 1.0 2.4400992748829516e-06 -2.7464527083822777e-06 0.0 2.357651384624888e-06 1.5108120370329123e-06 0.0 2.99e-06 -0.8160867140076759 0.9185460563151437 0.0 -0.7885121687708656 -0.5052883066999706 0.0 
0.39999940200134093 0.252769835577105 1.0 2.5882346588139853e-06 -2.6515257303680514e-06 0.0 2.2750023825210593e-06 1.6038375864479222e-06 0.0 2.99e-06 -0.8656303206735734 0.8867979031331282 0.0 -0.760870362047177 -0.5364005305845894 0.0 
0.40999938705137445 0.25606499477799616 1.0 2.731177060551803e-06 -2.550753793439265e-06 0.0 2.1895528862669333e-06 1.69137661123968e-06 0.0 2.99e-06 -0.9134371439972583 0.8530949141937347 0.0 -0.7322919352063321 -0.5656777964012307 0.0 
0.419999372101408 0.25924001060634216 1.0 2.8687505201224852e-06 -2.4444816255895538e-06 0.0 2.101661313254206e-06 1.773462011894101e-06 0.0 2.99e-06 -0.9594483344891253 0.8175523831403195 0.0 -0.7028967602856875 -0.5931311076568899 0.0 
0.42999935715144144 0.2622996535599504 1.0 3.0008015975473378e-06 -2.333051887617146e-06 0.0 2.011667837825749e-06 1.8501460579848066e-06 0.0 2.99e-06 -1.0036125744305475 0.7802849122465376 0.0 -0.6727986079684778 -0.6187779458143164 0.0 
0.43999934220147496 0.26524863302488105 1.0 3.1271982266000432e-06 -2.21680395613101e-06 0.0 1.9198940800188805e-06 1.921497972439943e-06 0.0 2.99e-06 -1.0458856945150645 0.7414060053949871 0.0 -0.6421050434845753 -0.6426414623544958 0.0 
0.44999932725150843 0.26809157702747727 1.0 3.247828549007003e-06 -2.096072858341766e-06 0.0 1.8266430178633662e-06 1.98760165647935e-06 0.0 2.99e-06 -1.0862302839488303 0.7010277118199892 0.0 -0.6109173972787176 -0.6647497178860701 0.0 
0.45999931230154195 0.2708330153393389 1.0 3.362599743137209e-06 -1.971188349798798e-06 0.0 1.7321990916729813e-06 2.04855356552745e-06 0.0 2.99e-06 -1.1246152987080964 0.6592603176584615 0.0 -0.5793307998906291 -0.6851349717483111 0.0 
0.4699992973515755 0.27347736566270836 1.0 3.471436859244937e-06 -1.842474125587495e-06 0.0 1.6368284705666423e-06 2.104460741997552e-06 0.0 2.99e-06 -1.161015671988273 0.6162120821362866 0.0 -0.5474342710925224 -0.7038330240794488 0.0 
0.47999928240160894 0.27602892261349044 1.0 3.574281671458433e-06 -1.7102471551301155e-06 0.0 1.5407794535976792e-06 2.155439007116256e-06 0.0 2.99e-06 -1.1954119302536563 0.5719890150936847 0.0 -0.5153108540460465 -0.7208826110756709 0.0 
0.48999926745164246 0.27849184921769105 1.0 3.671091554972257e-06 -1.5748171305975047e-06 0.0 1.4442829802266639e-06 2.2016113108775117e-06 0.0 2.99e-06 -1.2277898177164737 0.5266946925075272 0.0 -0.4830377860289845 -0.7363248531362916 0.0 
0.499999252501676 0.28087017064254605 1.0 3.7618383953135294e-06 -1.4364860189961023e-06 0.0 1.3475532273353402e-06 2.2431062367355705e-06 0.0 2.99e-06 -1.2581399315429862 0.4804301066876602 0.0 -0.4506866981054649 -0.7502027547610605 0.0 
0.5099992375517095 0.2831677698943575 1.0 3.846507535119618e-06 -1.295547708207721e-06 0.0 1.2507882724587445e-06 2.2800566557068337e-06 0.0 2.99e-06 -1.2864573696052233 0.43329354789555946 0.0 -0.41832383694272385 -0.7625607544170013 0.0 
0.5199992226017429 0.2853883852296228 1.0 3.925096762587864e-06 -1.152287737594475e-06 0.0 1.1541708053410398e-06 2.312598523090251e-06 0.0 2.99e-06 -1.312741392169854 0.3853805142456444 0.0 -0.3860103027896453 -0.7734443221037629 0.0 
0.5299992076517764 0.2875356090431478 1.0 3.99761534463361e-06 -1.006983104207881e-06 0.0 1.0578688722466456e-06 2.3408698099713803e-06 0.0 2.99e-06 -1.3369950985396686 0.3367836468922684 0.0 -0.3538022984102493 -0.7828996019971173 0.0 
0.53999919270181 0.2896128880155248 1.0 4.064083106814607e-06 -8.599021361334394e-07 0.0 9.62036639645521e-07 2.3650095609850427e-06 0.0 2.99e-06 -1.3592251193359888 0.28759268767004714 0.0 -0.3217513844968297 -0.7909730973194125 0.0 
0.5499991777518435 0.2916235243217361 1.0 4.124529561239117e-06 -7.113044250376467e-07 0.0 8.668151659160832e-07 2.3851570694177372e-06 0.0 2.99e-06 -1.379441324829136 0.23789445653433056 0.0 -0.2899047377645763 -0.7977113944540928 0.0 
0.559999162801877 0.29357067772209733 1.0 4.178993082961456e-06 -5.614408105447725e-07 0.0 7.723331715575918e-07 2.401451160580315e-06 0.0 2.99e-06 -1.3976565494854367 0.18777284633604485 0.0 -0.2583054085476895 -0.8031609232710084 0.0 
0.5699991478519104 0.2954573683758028 1.0 4.227520134771349e-06 -4.105534096405922e-07 0.0 6.787078000704417e-07 2.414029574425894e-06 0.0 2.99e-06 -1.4138863326994475 0.137308832655717 0.0 -0.22699257527439518 -0.8073677506441117 0.0 
0.5799991329019439 0.2972864802355443 1.0 4.270164539790719e-06 -2.588756848673236e-07 0.0 5.860453631485711e-07 2.423028438585281e-06 0.0 2.99e-06 -1.4281486755152903 0.08658049661114556 0.0 -0.19600179369517423 -0.8103774042091241 0.0 
0.5899991179519775 0.2990607648988949 1.0 4.306986800892238e-06 -1.066325456286733e-07 0.0 4.944420651386631e-07 2.428581823305576e-06 0.0 2.99e-06 -1.4404638130074372 0.03566305873868727 0.0 -0.16536523917681037 -0.8122347235135706 0.0 
0.599999103002011 0.3007828458081194 1.0 4.338053465636917e-06 4.5959522541125366e-08 0.0 4.0398470286497105e-07 2.430821370175815e-06 0.0 2.99e-06 -1.4508540018852563 -0.015371077772951082 0.0 -0.13511194075751537 -0.8129837358447543 0.0 
0.6099990880520445 0.30245522270477343 1.0 4.3634365351829215e-06 1.9869230538045402e-07 0.0 3.1475133790759084e-07 2.4298759869801803e-06 0.0 2.99e-06 -1.4593433228036523 -0.06645227604697404 0.0 -0.10526800598916078 -0.8126675541739733 0.0 
0.619999073102078 0.3040802762587973 1.0 4.383212915434816e-06 3.513656881305411e-07 0.0 2.2681193926837775e-07 2.4258716015127833e-06 0.0 2.99e-06 -1.4659574968009415 -0.11751360807041453 0.0 -0.07585683587571158 -0.8113282948203288 0.0 
0.6299990581521114 0.3056602728038735 1.0 4.397463908572637e-06 5.037874682974434e-07 0.0 1.4022899507561411e-07 2.418930967700647e-06 0.0 2.99e-06 -1.4707237152416843 -0.168490792072723 0.0 -0.04689932945672709 -0.8090070126089121 0.0 
0.6399990432021451 0.30719736912154716 1.0 4.4062747430154465e-06 6.557731562323938e-07 0.0 5.505809257923466e-08 2.4091735178992713e-06 0.0 2.99e-06 -1.4736704826138611 -0.2193221258302315 0.0 -0.018414077785697168 -0.8057436514713282 0.0 
0.6499990282521786 0.30869361722617034 1.0 4.409734139827004e-06 8.071457664316193e-07 0.0 -2.8651533814147274e-08 2.396715255737104e-06 0.0 2.99e-06 -1.4748274715140475 -0.26994841686676174 0.0 0.009582452780651306 -0.8015770086077271 0.0 
0.659999013302212 0.31015096911112855 1.0 4.407933913555448e-06 9.577356021033886e-07 0.0 -1.1085648631063612e-07 2.3816686843830638e-06 0.0 2.99e-06 -1.4742253891489787 -0.32031291040247056 0.0 0.037075747929978684 -0.7965447104960081 0.0 
0.6699989983522455 0.3115712814241443 1.0 4.40096860550865e-06 1.1073800352279822e-06 0.0 -1.915187188198917e-07 2.364142765588845e-06 0.0 2.99e-06 -1.4718958546851668 -0.3703612157953113 0.0 0.06405308321735513 -0.7906831991935938 0.0 
0.679998983402279 0.3129563200458603 1.0 4.388935147497267e-06 1.2559232840442186e-06 0.0 -2.7060508262586413e-07 2.3442429053108395e-06 0.0 2.99e-06 -1.467871286788383 -0.42004123212181177 0.0 0.09050337211567368 -0.784027727528709 0.0 
0.6899989684523126 0.31430776455139314 1.0 4.371932554124095e-06 1.4032161896325798e-06 0.0 -3.480869016962285e-07 2.3220709621423325e-06 0.0 2.99e-06 -1.4621848007103992 -0.46930307345571187 0.0 0.11641702397867178 -0.7766123619205126 0.0 
0.6999989535023461 0.3156272125393034 1.0 4.350061641757491e-06 1.5491159930281473e-06 0.0 -4.2393957653980856e-07 2.2977252751835884e-06 0.0 2.99e-06 -1.4548701143001637 -0.5180989943237947 0.0 0.1417858115517755 -0.7684699917001969 0.0 
0.7099989385523795 0.3169161838164354 1.0 4.323424772395112e-06 1.6934861140846645e-06 0.0 -4.981422154140859e-07 2.2713007083449e-06 0.0 2.99e-06 -1.4459614623395018 -0.5663833157473791 0.0 0.16660274763012914 -0.7596323439280603 0.0 
0.719998923602413 0.3181761244305193 1.0 4.292125620699552e-06 1.8361959331222373e-06 0.0 -5.706772916130954e-07 2.2428887084157224e-06 0.0 2.99e-06 -1.4354935186286122 -0.6141123522147947 0.0 0.19086197043916242 -0.7501300028146229 0.0 
0.7299989086524465 0.3194084105452665 1.0 4.256268962567172e-06 1.97712057622362e-06 0.0 -6.415303255235513e-07 2.2125773745422867e-06 0.0 2.99e-06 -1.4235013252733009 -0.66124433987412 0.0 0.21455863729884667 -0.7399924329572867 0.0 
0.7399988937024801 0.3206143521551114 1.0 4.215960483673905e-06 2.1161407048959036e-06 0.0 -7.10689590118643e-07 2.1804515370376527e-06 0.0 2.99e-06 -1.4100202286534793 -0.7077393661859206 0.0 0.23768882612663653 -0.7292480056982118 0.0 
0.7499988787525136 0.32179519663870515 1.0 4.171306606525413e-06 2.2531423106839774e-06 0.0 -7.781458385600243e-07 2.1465928437033206e-06 0.0 2.99e-06 -1.3950858215804047 -0.7535593012320991 0.0 0.26024944433445635 -0.7179240279944218 0.0 
0.759998863802547 0.32295213215190316 1.0 4.122414334622472e-06 2.3880165152077278e-06 0.0 -8.438920525951774e-07 2.111079852071837e-06 0.0 2.99e-06 -1.3787338911780833 -0.7986677308387047 0.0 0.2822381446806614 -0.7060467732681732 0.0 
0.7699988488525805 0.32408629086228413 1.0 4.0693911124350136e-06 2.5206593759950053e-06 0.0 -9.079232104662256e-07 2.0739881261869036e-06 0.0 2.99e-06 -1.361000372051843 -0.8430298916371253 0.0 0.3036532476475672 -0.6936415137748845 0.0 
0.779998833902614 0.325198752028287 1.0 4.012344699958849e-06 2.6509716983954536e-06 0.0 -9.70236073084564e-07 2.035390336723011e-06 0.0 2.99e-06 -1.3419213043340625 -0.8866126081590144 0.0 0.3244936699279479 -0.6807325540879637 0.0 
0.7899988189526476 0.3262905449268729 1.0 3.951383060707426e-06 2.7788588537850326e-06 0.0 -1.0308289872710096e-06 1.9953563634122884e-06 0.0 2.99e-06 -1.3215327962232188 -0.9293842320351278 0.0 0.34475885861906685 -0.6673432653552807 0.0 
0.7999988040026811 0.32736265163423656 1.0 3.886614262066347e-06 2.9042306042061997e-06 0.0 -1.0897017049115484e-06 1.9539533988937057e-06 0.0 2.99e-06 -1.2998709906576407 -0.9713145833465548 0.0 0.3644487307396484 -0.65349612003134 0.0 
0.8099987890527146 0.3284160096645662 1.0 3.818146387010655e-06 3.02700093353312e-06 0.0 -1.146855216932544e-06 1.911246053230595e-06 0.0 2.99e-06 -1.2769720357895165 -1.012374894158234 0.0 0.3835636177031921 -0.6392127268329754 0.0 
0.819998774102748 0.329451514472164 1.0 3.746087456253748e-06 3.147087885203896e-06 0.0 -1.202291601055121e-06 1.8672964584582162e-06 0.0 2.99e-06 -1.2528720589477416 -1.0525377542487946 0.0 0.40210421439970606 -0.6245138657050895 0.0 
0.8299987591527815 0.3304700218224739 1.0 3.670545359962148e-06 3.2644134065217043e-06 0.0 -1.25601388234525e-06 1.8221643726251862e-06 0.0 2.99e-06 -1.2276071438000493 -1.0917770590373592 0.0 0.42007153255693985 -0.6094195226171196 0.0 
0.8399987442028151 0.3314723500376691 1.0 3.591627798232162e-06 3.3789031994930386e-06 0.0 -1.308025905632977e-06 1.7759072828823895e-06 0.0 2.99e-06 -1.201213310445539 -1.1300679596966683 0.0 0.43746685807122976 -0.5939489240409335 0.0 
0.8499987292528486 0.3324592821225013 1.0 3.5094422295826613e-06 3.490486578143211e-06 0.0 -1.3583322189305294e-06 1.7285805072517227e-06 0.0 2.99e-06 -1.1737264981881808 -1.1673868154325118 0.0 0.4542917120168995 -0.5781205709871988 0.0 
0.8599987143028821 0.3334315677761028 1.0 3.4240958267729085e-06 3.5990963322261606e-06 0.0 -1.4069379670342043e-06 1.680237294775858e-06 0.0 2.99e-06 -1.1451825507601698 -1.2037111479017257 0.0 0.4705478150616068 -0.5619522725002876 0.0 
0.8699986993529155 0.33438992529535405 1.0 3.3356954393055648e-06 3.704668597226851e-06 0.0 -1.4538487945485275e-06 1.6309289238101958e-06 0.0 2.99e-06 -1.1156172037811252 -1.2390195977347325 0.0 0.48623705503295234 -0.5454611785318386 0.0 
0.879998684402949 0.3353350433753339 1.0 3.244347562022859e-06 3.8071427305395203e-06 0.0 -1.4990707576229172e-06 1.5807047982702692e-06 0.0 2.99e-06 -1.0850660742551366 -1.2732918831235853 0.0 0.501361457398969 -0.5286638121305254 0.0 
0.8899986694529826 0.3362675828122166 1.0 3.1501583092484976e-06 3.9064611936933294e-06 0.0 -1.5426102437407357e-06 1.5296125416929477e-06 0.0 2.99e-06 -1.0535646519225743 -1.3065087604325516 0.0 0.5159231584417177 -0.511576100900652 0.0 
0.8999986545030161 0.33718817811383645 1.0 3.0532333939693726e-06 4.0025694404880355e-06 0.0 -1.584473898948044e-06 1.4776980890086565e-06 0.0 2.99e-06 -1.0211482922974489 -1.3386519867852962 0.0 0.5299243809190783 -0.49421340769520344 0.0 
0.9099986395530496 0.3380974390229426 1.0 2.9536781115896096e-06 4.095415810895881e-06 0.0 -1.624668561954499e-06 1.4250057759551834e-06 0.0 2.99e-06 -0.9878522112339829 -1.3697042845805623 0.0 0.5433674120249161 -0.4765905605201288 0.0 
0.919998624603083 0.3389959519579903 1.0 2.851597327825176e-06 4.184951430581506e-06 0.0 -1.6632012045816107e-06 1.371578426092153e-06 0.0 2.99e-06 -0.9537114808779852 -1.3996493078867915 0.0 0.5562545834721107 -0.4587218816361721 0.0 
0.9299986096531165 0.339884281376101 1.0 2.747095470340231e-06 4.2711301158891344e-06 0.0 -1.7000788780740136e-06 1.3174574353994548e-06 0.0 2.99e-06 -0.9187610268696422 -1.4284716106652628 0.0 0.5685882535364595 -0.440621215852661 0.0 
0.9399985947031501 0.3407629710626319 1.0 2.640276523756827e-06 4.353908284145229e-06 0.0 -1.7353086648275374e-06 1.262682854463361e-06 0.0 2.99e-06 -0.8830356266745237 -1.45615661677098 0.0 0.5803707909122199 -0.42230195801450254 0.0 
0.9499985797531836 0.3416325453515799 1.0 2.5312440276976288e-06 4.433244869125041e-06 0.0 -1.7688976351237266e-06 1.2072934682711912e-06 0.0 2.99e-06 -0.8465699089289724 -1.4826905916806161 0.0 0.591604560242049 -0.4037770796893622 0.0 
0.9599985648032171 0.3424935102808414 1.0 2.420101077547074e-06 4.5091012415328035e-06 0.0 -1.8008528084941532e-06 1.1513268736496127e-06 0.0 2.99e-06 -0.8093983536946732 -1.5080606158972591 0.0 0.6022919091953689 -0.38505915506676075 0.0 
0.9699985498532506 0.3433463546861482 1.0 2.306950327640083e-06 4.581441134347507e-06 0.0 -1.8311811193694541e-06 1.094819554393336e-06 0.0 2.99e-06 -0.771555293525111 -1.5322545599824444 0.0 0.6124351569797505 -0.36616038608472834 0.0 
0.979998534903284 0.34419155123729017 1.0 2.191893996609101e-06 4.650230572889144e-06 0.0 -1.8598893866976123e-06 1.037806954140424e-06 0.0 2.99e-06 -0.7330749152538796 -1.5552610611669386 0.0 0.6220365841798033 -0.347092626802818 0.0 
0.9899985199533176 0.3450295574200551 1.0 2.075033874640076e-06 4.715437809463838e-06 0.0 -1.886984287243684e-06 9.803235470579402e-07 0.0 2.99e-06 -0.6939912624214297 -1.577069501492923 0.0 0.631098423827319 -0.32786740704279 0.0 
0.9999985050033511 0.34586081646710665 1.0 1.9564713324060617e-06 4.777033262450271e-06 0.0 -1.912472332309057e-06 9.224029064074712e-07 0.0 2.99e-06 -0.6543382382628965 -1.5976699874415627 0.0 0.6396228536150691 -0.30849595532022517 0.0 
1.0099984900533845 0.346685758240854 1.0 1.8363073314635914e-06 4.834989459694212e-06 0.0 -1.9363598476325103e-06 8.640777710643973e-07 0.0 2.99e-06 -0.6141496091851473 -1.6170533310014095 0.0 0.6476119891747525 -0.28898922109177233 0.0 
1.0199984751034181 0.3475048000711767 1.0 1.7146424359119033e-06 4.889280986082564e-06 0.0 -1.9586529562579406e-06 8.053801100678232e-07 0.0 2.99e-06 -0.573459008666188 -1.6352110321346376 0.0 0.6550678783471372 -0.26935789634375423 0.0 
1.0299984601534515 0.3483183475506998 1.0 1.5915768251286165e-06 4.939884435173192e-06 0.0 -1.9793575641747203e-06 7.463411852800036e-07 0.0 2.99e-06 -0.532299941514587 -1.6521352625997308 0.0 0.6619924963795051 -0.24961243654849685 0.0 
1.0399984452034852 0.3491267952901579 1.0 1.4672103074076477e-06 4.986778364761763e-06 0.0 -1.998479348556371e-06 6.869916122350319e-07 0.0 2.99e-06 -0.490705788430651 -1.6678188510908916 0.0 0.6683877419920974 -0.2297630810150615 0.0 
1.0499984302535186 0.3499305276362086 1.0 1.3416423343361148e-06 5.029943256271806e-06 0.0 -2.016023748441643e-06 6.273614192566403e-07 0.0 2.99e-06 -0.44870981081475375 -1.6822552696561235 0.0 0.6742554342614191 -0.20981987266108437 0.0 
1.059998415303552 0.35072991935392916 1.0 1.214972015756763e-06 5.069361477859256e-06 0.0 -2.0319959577193116e-06 5.674801049242884e-07 0.0 2.99e-06 -0.40634515577149233 -1.6954386213576116 0.0 0.6795973102740173 -0.18979267723220414 0.0 
1.0699984003535856 0.3515253362760617 1.0 1.087298135171169e-06 5.1050172511276845e-06 0.0 -2.0464009202940936e-06 5.073766939653777e-07 0.0 2.99e-06 -0.36364486126126017 -1.707363629139695 0.0 0.6844150235097304 -0.16969120199511026 0.0 
1.079998385403619 0.35231713592094605 1.0 9.587191654466786e-07 5.1368966213553475e-06 0.0 -2.059243327326147e-06 4.470797916495142e-07 0.0 2.99e-06 -0.3206418613534039 -1.7180256258713549 0.0 0.6887101429184439 -0.14952501392960407 0.0 
1.0899983704536527 0.35310566808094124 1.0 8.293332846967932e-07 5.16498743113991e-06 0.0 -2.07052761645072e-06 3.866176367582961e-07 0.0 2.99e-06 -0.2773689915373887 -1.7274205455317435 0.0 0.6924841526591038 -0.12930355744424685 0.0 
1.099998355503686 0.353891275383009 1.0 6.992383922105848e-07 5.189279297371359e-06 0.0 -2.080257972897734e-06 3.260181532011952e-07 0.0 2.99e-06 -0.23385899405036245 -1.735544915508817 0.0 0.6957384524741587 -0.10903617163919638 0.0 
1.1099983405537195 0.3546742938230065 1.0 5.68532124311767e-07 5.2097635914480375e-06 0.0 -2.0884383324434805e-06 2.6530900034476587e-07 0.0 2.99e-06 -0.19014452318119257 -1.7423958499826226 0.0 0.6984743586767495 -0.08873210713871835 0.0 
1.1199983256037531 0.35545505327511867 1.0 4.373118700323054e-07 5.226433422654946e-06 0.0 -2.095072386138248e-06 2.045176221186872e-07 0.0 2.99e-06 -0.14625815051247631 -1.747971044366204 0.0 0.7006931057318557 -0.06840054251461176 0.0 
1.1299983106537865 0.35623387797775 1.0 3.05674786488983e-07 5.239283624627463e-06 0.0 -2.1001635867646396e-06 1.4367129495805387e-07 0.0 2.99e-06 -0.1022323700632046 -1.752268770778417 0.0 0.7023958484162676 -0.04805060032042002 0.0 
1.1399982957038202 0.3570110869970724 1.0 1.7371781385417802e-07 5.248310744827368e-06 0.0 -2.103715156991609e-06 8.279717463689418e-08 0.0 2.99e-06 -0.058099603295711275 -1.7552878745242044 0.0 0.7035836645456888 -0.02769136275481478 0.0 
1.1499982807538536 0.3577869946693357 1.0 4.1537689814309015e-08 5.253513036961492e-06 0.0 -2.1057300991989376e-06 2.1922342043121944e-08 0.0 2.99e-06 -0.013892203951273469 -1.7570277715590286 0.0 0.7042575582605144 -0.0073318869709444665 0.0 
1.159998265803887 0.3585619110229272 1.0 -9.076903658900864e-08 5.254890456276495e-06 0.0 -2.106211206955964e-06 -3.8926152059964397e-08 0.0 2.99e-06 0.030357537320739134 -1.7574884469152168 0.0 0.7044184638648711 0.01301877995316467 0.0 
1.1699982508539206 0.3593361421810747 1.0 -2.2310599183903537e-07 5.252444657666079e-06 0.0 -2.105161078146961e-06 -9.972124324594215e-08 0.0 2.99e-06 0.0746173885749287 -1.756670454068924 0.0 0.704067250216375 0.03335158636987963 0.0 
1.179998235903954 0.36010999074598427 1.0 -3.5537696564867054e-07 5.24617899652947e-06 0.0 -2.1025821297436156e-06 -1.6043581057733445e-07 0.0 2.99e-06 0.11885517245774983 -1.7545749152272485 0.0 0.7032047256667611 0.0536574617315493 0.0 
1.1899982209539877 0.36088375616511054 1.0 -4.874858995933964e-07 5.236098532322103e-06 0.0 -2.098476614232657e-06 -2.2104263466961448e-07 0.0 2.99e-06 0.1630387624058187 -1.7512035225157547 0.0 0.7018316435560725 0.07392730256508777 0.0 
1.199998206004021 0.361657735080151 1.0 -6.193368767763989e-07 5.222210034741227e-06 0.0 -2.0928466377137864e-06 -2.815143566456836e-07 0.0 2.99e-06 0.20713607918943153 -1.7465585400472345 0.0 0.6999487082654804 0.0941519587443751 0.0 
1.2099981910540545 0.3624322216592731 1.0 -7.508341126308128e-07 5.204521992490468e-06 0.0 -2.0856941796897363e-06 -3.418234379661313e-07 0.0 2.99e-06 0.2511150878363927 -1.7406428068530007 0.0 0.6975565818360322 0.11432222005556161 0.0 
1.2199981761040881 0.3632075079129832 1.0 -8.818819469654123e-07 5.183044624568325e-06 0.0 -2.0770211145764956e-06 -4.019421211277185e-07 0.0 2.99e-06 0.2949437949717102 -1.733459740658304 0.0 0.6946558911627075 0.13442880305274799 0.0 
1.2299981611541215 0.36398388399394527 1.0 -1.0123848373618251e-06 5.1577898940260555e-06 0.0 -2.0668292349675113e-06 -4.6184239123004584e-07 0.0 2.99e-06 0.3385902466093064 -1.7250133424836323 0.0 0.6912472357750873 0.15446233820402802 0.0 
1.2399981462041552 0.3647616384809781 1.0 -1.1422473540334789e-06 5.128771524140393e-06 0.0 -2.055120276690988e-06 -5.214959384182871e-07 0.0 2.99e-06 0.3820225264326019 -1.7153082020536448 0.0 0.6873311962177217 0.1744133573305301 0.0 
1.2499981312541886 0.36554105864734737 1.0 -1.2713741762589407e-06 5.096005016946048e-06 0.0 -2.0418959457042616e-06 -5.808741212182124e-07 0.0 2.99e-06 0.42520875460165264 -1.7043495039953356 0.0 0.6829083430449033 0.19427228134388302 0.0 
1.2599981163042222 0.3663224307133889 1.0 -1.3996700905050782e-06 5.059507674071944e-06 0.0 -2.0271579468735777e-06 -6.399479307885066e-07 0.0 2.99e-06 0.4681170871254444 -1.692143034806672 0.0 0.6779792464460124 0.21402940829046974 0.0 
1.2699981013542556 0.367106040083391 1.0 -1.5270399903585041e-06 5.019298619823532e-06 0.0 -2.0109080146914768e-06 -6.986879561246336e-07 0.0 2.99e-06 0.5107157158389648 -1.6786951905764338 0.0 0.6725444865188884 0.23367490171392358 0.0 
1.2799980864042892 0.36789217156657406 1.0 -1.6533888783870494e-06 4.975398826451417e-06 0.0 -1.9931479459872857e-06 -7.570643502582204e-07 0.0 2.99e-06 0.5529728690257691 -1.6640129854352586 0.0 0.6666046642097945 0.25319877935057467 0.0 
1.2899980714543229 0.3686811095818991 1.0 -1.7786218700564917e-06 4.927831141543734e-06 0.0 -1.973879634688957e-06 -8.150467975061589e-07 0.0 2.99e-06 0.5948568127279237 -1.64810406071697 0.0 0.6601604129394504 0.27259090217597215 0.0 
1.2999980565043565 0.36947313834634266 1.0 -1.902644199831434e-06 4.876620317476314e-06 0.0 -1.9531051086966006e-06 -8.726044818343589e-07 0.0 2.99e-06 0.6363358527864328 -1.630976694808134 0.0 0.6532124109353178 0.29184096382419955 0.0 
1.3099980415543901 0.3702685420461635 1.0 -2.0253612295930103e-06 4.821793042850621e-06 0.0 -1.9308265689294764e-06 -9.297060564123527e-07 0.0 2.99e-06 0.6773783376565252 -1.6126398136624174 0.0 0.6457613942907946 0.3109384804054684 0.0 
1.3199980266044238 0.3710676049905901 1.0 -2.1466784595099837e-06 4.763377975844622e-06 0.0 -1.9070464306088975e-06 -9.863196144467552e-07 0.0 2.99e-06 0.7179526620434729 -1.5931030019547252 0.0 0.6378081707722063 0.32987278075142246 0.0 
1.3299980116544574 0.37187061174724306 1.0 -2.266501541503721e-06 4.701405779396237e-06 0.0 -1.8817673668393602e-06 -1.0424126613939318e-06 0.0 2.99e-06 0.7580272714059269 -1.5723765148482423 0.0 0.6293536343944346 0.3486329971217156 0.0 
1.339997996704491 0.37267784725849945 1.0 -2.384736295451447e-06 4.6359091581327296e-06 0.0 -1.8549923545491973e-06 -1.097952088665118e-06 0.0 2.99e-06 0.7975706673750659 -1.550471290345397 0.0 0.6203987807856844 0.36720805640973775 0.0 
1.3499979817545247 0.3734895969378959 1.0 -2.5012887282760297e-06 4.566922896952235e-06 0.0 -1.8267247228500513e-06 -1.1529041489506708e-06 0.0 2.99e-06 0.8365514141391405 -1.5273989621913855 0.0 0.6109447233612209 0.3855866718898558 0.0 
1.3599979668045583 0.3743061467455496 1.0 -2.6160650560742794e-06 4.49448390115572e-06 0.0 -1.7969682038713956e-06 -1.2072344333040812e-06 0.0 2.99e-06 0.8749381458442407 -1.50317187329623 0.0 0.6009927103248811 0.40375733555320376 0.0 
1.369997951854592 0.37512778324146323 1.0 -2.7289717294392652e-06 4.418631238018792e-06 0.0 -1.7657269861220908e-06 -1.2609078501408389e-06 0.0 2.99e-06 0.9126995750632995 -1.4778030896383947 0.0 0.590544142515749 0.421708311083892 0.0 
1.3799979369046256 0.3759547936154641 1.0 -2.839915462135437e-06 4.339406179683042e-06 0.0 -1.7330057704254423e-06 -1.3138886063221681e-06 0.0 2.99e-06 0.9498045023864338 -1.4513064146097159 0.0 0.5796005921155322 0.4394276275324971 0.0 
1.3899979219546592 0.37678746569240557 1.0 -2.9488032632882416e-06 4.256852247235938e-06 0.0 -1.6988098284673022e-06 -1.3661401905089934e-06 0.0 2.99e-06 0.9862218271867029 -1.4236964037578415 0.0 0.5681638222298665 0.4569030737488266 0.0 
1.3999979070046928 0.3776260879111476 1.0 -3.055542473252422e-06 4.171015255836607e-06 0.0 -1.6631450639883152e-06 -1.417625358987212e-06 0.0 2.99e-06 1.0219205596161947 -1.3949883798784668 0.0 0.5562358073539512 0.47412219364120745 0.0 
1.4099978920547265 0.3784709492757092 1.0 -3.160040803325132e-06 4.0819433607322545e-06 0.0 -1.626018076641313e-06 -1.4683061241813427e-06 0.0 2.99e-06 1.0568698338880038 -1.3651984484054391 0.0 0.5438187547295357 0.49107228233489664 0.0 
1.4199978771047603 0.3793223392768758 1.0 -3.2622063794713207e-06 3.989687103996275e-06 0.0 -1.5874362285229712e-06 -1.5181437460898094e-06 0.0 2.99e-06 1.0910389229001072 -1.3343435130422354 0.0 0.530915126596311 0.5077403833076279 0.0 
1.429997862154794 0.38018054778243016 1.0 -3.3619477902294243e-06 3.8942994618045125e-06 0.0 -1.547407713375038e-06 -1.5670987268913953e-06 0.0 2.99e-06 1.1243972542573324 -1.3024412915734187 0.0 0.5175276633361326 0.5241132865857503 0.0 
1.4399978472048276 0.38104586489406256 1.0 -3.4591741389650855e-06 3.795835892050401e-06 0.0 -1.5059416284345515e-06 -1.6151308089886183e-06 0.0 2.99e-06 1.15691442774752 -1.269510331789435 0.0 0.503659407503194 0.5401775280898383 0.0 
1.4499978322548612 0.38191858076891994 1.0 -3.5537951006393542e-06 3.694354382083041e-06 0.0 -1.4630480488943832e-06 -1.6621989767697874e-06 0.0 2.99e-06 1.188560234327543 -1.2355700274525254 0.0 0.48931372872721807 0.5559193902240086 0.0 
1.4599978173048949 0.3827989854036572 1.0 -3.645720983255372e-06 3.58991549633457e-06 0.0 -1.418738104914991e-06 -1.7082614623871127e-06 0.0 2.99e-06 1.2193046766740372 -1.200640634225612 0.0 0.4744943494698963 0.5713249038083984 0.0 
1.4699978023549285 0.3836873683787634 1.0 -3.7348627941438414e-06 3.482582423584476e-06 0.0 -1.3730240611053442e-06 -1.7532757558632499e-06 0.0 2.99e-06 1.249117991352455 -1.164743285479761 0.0 0.4592053716071382 0.5863798514592804 0.0 
1.4799977874049621 0.38458401856086566 1.0 -3.821132311242421e-06 3.372421023588904e-06 0.0 -1.325919398365439e-06 -1.7971986198528153e-06 0.0 2.99e-06 1.2779706726563278 -1.127900007889269 0.0 0.4434513038011499 0.6010697725260247 0.0 
1.4899977724549958 0.38548922376066197 1.0 -3.9044421595174325e-06 3.259499872782472e-06 0.0 -1.27743889795456e-06 -1.8399861093984467e-06 0.0 2.99e-06 1.3058334981663648 -1.0901337367165491 0.0 0.4272370896169094 0.6153799696984766 0.0 
1.4999977575050294 0.38640327034407995 1.0 -3.9847058926677185e-06 3.1438903087387725e-06 0.0 -1.227598727618343e-06 -1.8815935970325918e-06 0.0 2.99e-06 1.3326775560761597 -1.051468330681867 0.0 0.4105681363272048 0.6292955174022041 0.0 
1.509997742555063 0.38732644279425305 1.0 -4.061838080240024e-06 3.0256664730536912e-06 0.0 -1.1764165295737028e-06 -1.921975803586051e-06 0.0 2.99e-06 1.3584742743277667 -1.0119285863055856 0.0 0.3934503443390308 0.6428012721023577 0.0 
1.5199977276050967 0.38825902322190237 1.0 -4.135754400272615e-06 2.904905352292966e-06 0.0 -1.1239115101137322e-06 -1.961086835071993e-06 0.0 2.99e-06 1.3831954515961917 -0.9715402516030021 0.0 0.3758901371617831 0.6558818846394621 0.0 
1.5299977126551303 0.3892012908217545 1.0 -4.2063717375689405e-06 2.7816868166222626e-06 0.0 -1.0701045305547537e-06 -1.9988802260193116e-06 0.0 2.99e-06 1.4068132901568358 -0.9303300390041046 0.0 0.35789449182433214 0.6685218147221772 0.0 
1.539997697705164 0.3901535212726853 1.0 -4.273608287685653e-06 2.6560936557145344e-06 0.0 -1.0150181992048279e-06 -2.03530898963133e-06 0.0 2.99e-06 1.4293004306640973 -0.888325637362724 0.0 0.3394709696337215 0.6807053477027855 0.0 
1.5499976827551976 0.3911159860793951 1.0 -4.337383666699169e-06 2.5282116115058266e-06 0.0 -9.586769639872523e-07 -2.0703256751445372e-06 0.0 2.99e-06 1.4506299888625978 -0.8455557229116512 0.0 0.32062774715292697 0.6924166137607142 0.0 
1.5599976678052312 0.3920889518535584 1.0 -4.397619026791935e-06 2.398129407347128e-06 0.0 -9.011072053040646e-07 -2.1038824327567105e-06 0.0 2.99e-06 1.4707755942447938 -0.802049969012421 0.0 0.30137364725888427 0.7036396096176284 0.0 
1.5699976528552648 0.39307267953259684 1.0 -4.454237177673465e-06 2.2659387730766765e-06 0.0 -8.423373286734532e-07 -2.1359310864839633e-06 0.0 2.99e-06 1.489711430660021 -0.7578390545406981 0.0 0.2817181701249005 0.714358222904335 0.0 
1.5799976379052985 0.39406742353446106 1.0 -4.507162713821947e-06 2.1317344655145245e-06 0.0 -7.823978566215503e-07 -2.166423215291324e-06 0.0 2.99e-06 1.5074122788702156 -0.7129546707406473 0.0 0.26167152395369553 0.7245562592947566 0.0 
1.589997622955332 0.3950734308471258 1.0 -4.556322147499582e-06 1.995614283859532e-06 0.0 -7.2132151925367e-07 -2.1953102428209114e-06 0.0 2.99e-06 1.5238535610366486 -0.6674295263744291 0.0 0.24124465526878575 0.7342174725153544 0.0 
1.5999976080053657 0.3960909400518526 1.0 -4.601644047458663e-06 1.8576790794485764e-06 0.0 -6.591433428730659e-07 -2.222543536014977e-06 0.0 2.99e-06 1.53901138710992 -0.6212973509861497 0.0 0.22044927855286467 0.7433255973294233 0.0 
1.6099975930553994 0.3971201802797281 1.0 -4.643059183215734e-06 1.7180327593191064e-06 0.0 -5.959007359572613e-07 -2.2480745128975034e-06 0.0 2.99e-06 1.5528626030821846 -0.5745928960933503 0.0 0.1992979050024283 0.7518643855844487 0.0 
1.619997578105433 0.39816137010147845 1.0 -4.680500674727788e-06 1.5767822829995857e-06 0.0 -5.316335717435476e-07 -2.2718547597370945e-06 0.0 2.99e-06 1.5653848410460822 -0.5273519341135775 0.0 0.17780387014834345 0.759817645397021 0.0 
1.6299975631554666 0.3992147163511461 1.0 -4.713904147257458e-06 1.4340376519383885e-06 0.0 -4.6638426661710923e-07 -2.293836157765071e-06 0.0 2.99e-06 1.5765565709891158 -0.47961125482889616 0.0 0.15598136007261154 0.7671692835334679 0.0 
1.6399975482055003 0.4002804128848819 1.0 -4.743207891163477e-06 1.2899118909707725e-06 0.0 -4.001978534382387e-07 -2.3139710195654476e-06 0.0 2.99e-06 1.5863571542352761 -0.431408659187553 0.0 0.13384543593252105 0.7739033510252328 0.0 
1.6499975332555339 0.4013586392768359 1.0 -4.768353026298408e-06 1.1445210212162303e-06 0.0 -3.3312204889024346e-07 -2.332212235187491e-06 0.0 2.99e-06 1.5947668984275605 -0.38278295023954567 0.0 0.11141205648503101 0.7800040920359497 0.0 
1.6599975183055677 0.4024495594549656 1.0 -4.789283670637965e-06 9.979840237953326e-07 0.0 -2.652073138779822e-07 -2.3485134279563923e-06 0.0 2.99e-06 1.6017671139257401 -0.33377392100178727 0.0 0.08869809828695031 0.7854559959720371 0.0 
1.6699975033556014 0.40355332028047414 1.0 -4.805947112705285e-06 8.504227937567109e-07 0.0 -1.9650690595971276e-07 -2.3628291198731177e-06 0.0 2.99e-06 1.6073401714733386 -0.284422339049071 0.0 0.06572137323067292 0.7902438528003732 0.0 
1.679997488405635 0.4046700500755897 1.0 -4.8182939872895756e-06 7.019620836116782e-07 0.0 -1.2707692275340132e-07 -2.3751149064005432e-06 0.0 2.99e-06 1.6114695609664123 -0.23476992762932763 0.0 0.042500643061337995 0.7943528115051978 0.0 
1.6899974734556686 0.4057998571054418 1.0 -4.826278453892065e-06 5.527294358867287e-07 0.0 -5.6976335224241747e-08 -2.3853276403296438e-06 0.0 2.99e-06 1.6141399511344687 -0.1848593431059332 0.0 0.019055630509779604 0.7977684415818199 0.0 
1.6999974585057023 0.4069428280209352 1.0 -4.829858377263462e-06 4.0285510412340145e-07 0.0 1.3732990265622198e-08 -2.393425624307014e-06 0.0 2.99e-06 1.6153372499208893 -0.1347341485362586 0.0 -0.004592973332984255 0.8004767974270942 0.0 
1.709997443555736 0.40809902627070554 1.0 -4.8289955093268424e-06 2.524719617813016e-07 0.0 8.498628227972423e-08 -2.3993688114838065e-06 0.0 2.99e-06 1.6150486653267022 -0.08443878320445267 0.0 -0.028423505779172225 0.8024644854460884 0.0 
1.7199974286057695 0.4092684904914818 1.0 -4.823655671708576e-06 1.0171539853399519e-07 0.0 1.5671586814051401e-07 -2.4031190136169536e-06 0.0 2.99e-06 1.6132627664577168 -0.03401852793779505 0.0 -0.05241333382625911 0.8037187336511543 0.0 
1.7299974136558032 0.41045123288745583 1.0 -4.813808938028408e-06 -4.927679651046139e-08 0.0 2.2885119240170926e-07 -2.404640115817229e-06 0.0 2.99e-06 1.6099695444911055 0.01648053394998302 0.0 -0.07653886033502005 0.8042274634840224 0.0 
1.7399973987058368 0.4116472376105616 1.0 -4.799429815028892e-06 -2.0036456508199053e-07 0.0 3.0131885106342087e-07 -2.4038982969965336e-06 0.0 2.99e-06 1.605160473253809 0.06701156022808638 0.0 -0.10077553547271624 0.8039793635439905 0.0 
1.7499973837558704 0.4128564591548397 1.0 -4.78049742155502e-06 -3.514057238720534e-07 0.0 3.740426425922283e-07 -2.4008622549202118e-06 0.0 2.99e-06 1.5988285690819453 0.1175269979505154 0.0 -0.12509787377666523 0.8029639648562573 0.0 
1.759997368805904 0.41407882077934755 1.0 -4.756995664328179e-06 -5.022561227976428e-07 0.0 4.469436367488204e-07 -2.3955034346210773e-06 0.0 2.99e-06 1.5909684496080856 0.1679786363871673 0.0 -0.14947947717351875 0.8011717172645736 0.0 
1.7699973538559377 0.41531421297526755 1.0 -4.728913409395543e-06 -6.527698176169312e-07 0.0 5.199402621468837e-07 -2.3877962587822023e-06 0.0 2.99e-06 1.5815763911021872 0.21831766475482223 0.0 -0.17389306426317203 0.7985940664823412 0.0 
1.7799973389059713 0.41656249199401363 1.0 -4.696244648077981e-06 -8.027992570202741e-07 0.0 5.929484133675575e-07 -2.3777183585478313e-06 0.0 2.99e-06 1.5706503839725676 0.268494734789385 0.0 -0.19831050614299603 0.7952235312868994 0.0 
1.789997323956005 0.41782347845413625 1.0 -4.658988656187782e-06 -9.521954842234703e-07 0.0 6.658815783331781e-07 -2.365250803078697e-06 0.0 2.99e-06 1.5581901860159795 0.31846002816838037 0.0 -0.2227028690077521 0.791053780293878 0.0 
1.7999973090060386 0.41909695604569885 1.0 -4.617150145243264e-06 -1.1008083529843854e-06 0.0 7.386509865017598e-07 -2.3503783260324802e-06 0.0 2.99e-06 1.5441973729910567 0.36816332875731517 0.0 -0.24704046371296337 0.78607970770317 0.0 
1.8099972940560722 0.42038267035148674 1.0 -4.570739404372054e-06 -1.2484867578497415e-06 0.0 8.111657782796316e-07 -2.3330895470253166e-06 0.0 2.99e-06 1.5286753860776086 0.4175540996152938 0.0 -0.27129290243465964 0.7802975073663261 0.0 
1.8199972791061059 0.42168032780486675 1.0 -4.519772431569886e-06 -1.3950788783167226e-06 0.0 8.83333195864272e-07 -2.313377186019469e-06 0.0 2.99e-06 1.5116295757758804 0.46658156465441786 0.0 -0.29542916249641227 0.7737047444881161 0.0 
1.8299972641561395 0.4229895948043314 1.0 -4.464271052968401e-06 -1.5404324364649354e-06 0.0 9.550587955235317e-07 -2.291238268488951e-06 0.0 2.99e-06 1.4930672417954507 0.5151947948043217 0.0 -0.3194176573657299 0.7663004242437957 0.0 
1.8399972492061731 0.42431009700469 1.0 -4.4042630287650694e-06 -1.6843949674792862e-06 0.0 1.026246681092573e-06 -2.266674319142509e-06 0.0 2.99e-06 1.4729976684832995 0.563342798488051 0.0 -0.3432263147466802 0.7580850565694003 0.0 
1.8499972342562068 0.42564141880446915 1.0 -4.339782144482093e-06 -1.8268141023448137e-06 0.0 1.096799758227971e-06 -2.2396915419353167e-06 0.0 2.99e-06 1.45143215534518 0.6109746161688294 0.0 -0.36682266161470634 0.749060716366326 0.0 
1.8599972193062404 0.4269831030483478 1.0 -4.270868286250073e-06 -1.9675378618519743e-06 0.0 1.1666200087021663e-06 -2.2103009840803144e-06 0.0 2.99e-06 1.4283840422241032 0.6580394186795854 0.0 -0.39017391595390205 0.7392310983546195 0.0 
1.869997204356274 0.42833465096235623 1.0 -4.197567498857277e-06 -2.1064149609070464e-06 0.0 1.2356087837540133e-06 -2.178518681780264e-06 0.0 2.99e-06 1.4038687287148066 0.7044866089990075 0.0 -0.41324708486756323 0.7286015658127968 0.0 
1.8799971894063077 0.42969552233807207 1.0 -4.119932025367171e-06 -2.2432951219991386e-06 0.0 1.3036671152363694e-06 -2.1443657854449863e-06 0.0 2.99e-06 1.3779036874137676 0.7502659270900082 0.0 -0.4360090686409265 0.7171791924565165 0.0 
1.8899971744563413 0.43106513598017965 1.0 -4.038020327186004e-06 -2.3780293965348143e-06 0.0 1.3706960430238192e-06 -2.1078686622369844e-06 0.0 2.99e-06 1.3505084706307688 0.7953275573694983 0.0 -0.4584267702420803 0.7049727967347768 0.0 
1.8999971595063752 0.4324428704295057 1.0 -3.951897083558793e-06 -2.510470492615841e-06 0.0 1.4365969568675954e-06 -2.0690589739043313e-06 0.0 2.99e-06 1.32170471022033 0.8396222383330523 0.0 -0.48046720965471446 0.6919929678609797 0.0 
1.9099971445564088 0.43382806497100024 1.0 -3.861633169585949e-06 -2.6404731077073144e-06 0.0 1.5012719506157432e-06 -2.0279737280131035e-06 0.0 2.99e-06 1.2915161102294126 0.8831013738151503 0.0 -0.5020976423464028 0.6782520829475257 0.0 
1.9199971296064424 0.435220020933165 1.0 -3.767305611983646e-06 -2.7678942645248086e-06 0.0 1.5646241864601247e-06 -1.984655300882917e-06 0.0 2.99e-06 1.2599684321015518 0.925717145326018 0.0 -0.523285681090343 0.6637643146765603 0.0 
1.929997114656476 0.4366180032821208 1.0 -3.66899752195789e-06 -2.8925936483626054e-06 0.0 1.6265582666336597e-06 -1.9391514307573705e-06 0.0 2.99e-06 1.2270894722267172 0.9674226248704316 0.0 -0.5439994202788162 0.6485456290158423 0.0 
1.9399970997065097 0.4380212425099418 1.0 -3.5667980047242126e-06 -3.0144339439928093e-06 0.0 1.6869806097669824e-06 -1.8915151800047758e-06 0.0 2.99e-06 1.1929090316803368 1.0081718876230081 0.0 -0.5642075617949777 0.6326137725768475 0.0 
1.9499970847565433 0.4394289368130977 1.0 -3.4608020453802056e-06 -3.1332811701894705e-06 0.0 1.7457998289290432e-06 -1.8418048654407255e-06 0.0 2.99e-06 1.1574588780535786 1.0479201238091824 0.0 -0.5838795414478408 0.6159882493112788 0.0 
1.959997069806577 0.44084025455290904 1.0 -3.3511103710251e-06 -3.24900500987475e-06 0.0 1.8029271082263918e-06 -1.7900839561892194e-06 0.0 2.99e-06 1.1207726993394964 1.0866237491219848 0.0 -0.6029856549252149 0.5986902863509088 0.0 
1.9699970548566106 0.44225433698589955 1.0 -3.2378292892169522e-06 -3.3614791338475203e-06 0.0 1.85827657472576e-06 -1.7364209388486918e-06 0.0 2.99e-06 1.0828860499053332 1.1242405129924766 0.0 -0.6214971821825288 0.5807427889126053 0.0 
1.9799970399066442 0.44367030124793455 1.0 -3.121070503061278e-06 -3.470581516040112e-06 0.0 1.9117656623982836e-06 -1.6808891500979599e-06 0.0 2.99e-06 1.043836288649255 1.160729604026788 0.0 -0.6393865091633059 0.5621702843136983 0.0 
1.9899970249566779 0.44508724357210727 1.0 -3.000950903432432e-06 -3.5761947382573933e-06 0.0 1.9633154647646286e-06 -1.623566577258712e-06 0.0 2.99e-06 1.0036625095091725 1.1960517519255445 0.0 -0.6566272457406789 0.5429988552704716 0.0 
1.9999970100067115 0.446504242716585 1.0 -2.8775923390376723e-06 -3.678206282384847e-06 0.0 2.012851072950845e-06 -1.5645356277189154e-06 0.0 2.99e-06 0.9624054645610922 1.2301693252123183 0.0 -0.6731943387795473 0.5232560627822453 0.0 
2.009996995056745 0.44792036357517634 1.0 -2.7511213652405825e-06 -3.7765088081091054e-06 0.0 2.0603018959462885e-06 -1.5038828685082276e-06 0.0 2.99e-06 0.9201074800135706 1.2630464241167525 0.0 -0.6890641792462509 0.5029708590328514 0.0 
2.0199969801067788 0.4493346609402268 1.0 -2.621668972762125e-06 -3.87100041427556e-06 0.0 2.105601959987648e-06 -1.4416987376946677e-06 0.0 2.99e-06 0.8768123654722804 1.2946489679851318 0.0 -0.7042147023370064 0.4821734908677812 0.0 
2.0299969651568124 0.4507461833847788 1.0 -2.489370297570867e-06 -3.961584882112507e-06 0.0 2.148690184175946e-06 -1.3780772296338808e-06 0.0 2.99e-06 0.8325653169133312 1.3249447766262512 0.0 -0.7186254796575076 0.46089539452638095 0.0 
2.039996950206846 0.4521539772287194 1.0 -2.3543643134557095e-06 -4.048171898678957e-06 0.0 2.189510629664117e-06 -1.3131155564409305e-06 0.0 2.99e-06 0.7874128138647835 1.3539036450431243 0.0 -0.7322778025632504 0.4391690824217153 0.0 
2.0499969352568796 0.4535570905520121 1.0 -2.2167935089417175e-06 -4.130677259042121e-06 0.0 2.2280127200279437e-06 -1.246913788362622e-06 0.0 2.99e-06 0.7414025113517426 1.3814974110508715 0.0 -0.745154755862189 0.41702802286375257 0.0 
2.0599969203069133 0.454954577217065 1.0 -2.0768035503596613e-06 -4.209023045858854e-06 0.0 2.264151430748195e-06 -1.179574475999466e-06 0.0 2.99e-06 0.6945831272105866 1.4077000153374042 0.0 -0.7572412811866878 0.3945065137121954 0.0 
2.069996905356947 0.4563455008618966 1.0 -1.934542933010058e-06 -4.28313778522064e-06 0.0 2.2978874460811238e-06 -1.1112022575548492e-06 0.0 2.99e-06 0.6470043254214216 1.4324875535854933 0.0 -0.7685242294585705 0.37163955102168816 0.0 
2.0799968904069805 0.45772893882600374 1.0 -1.7901626224707677e-06 -4.352956577821358e-06 0.0 2.329187281971606e-06 -1.0419034544700626e-06 0.0 2.99e-06 0.5987165961440669 1.455838320341586 0.0 -0.7789924019971933 0.34846269380269596 0.0 
2.089996875457014 0.4591039859717273 1.0 -1.6438156881817356e-06 -4.418421204718073e-06 0.0 2.3580233740609135e-06 -9.717856589339405e-07 0.0 2.99e-06 0.5497711331711463 1.4777328443873101 0.0 -0.7886365799534835 0.3250119260648625 0.0 
2.099996860507048 0.460469758365437 1.0 -1.4956569315000555e-06 -4.479480207174348e-06 0.0 2.3843741302517996e-06 -9.009573168325511e-07 0.0 2.99e-06 0.5002197095317884 1.4981539154429204 0.0 -0.7974495418902346 0.30132351733530083 0.0 
2.1099968455570814 0.4618253967849611 1.0 -1.3458425104522755e-06 -4.536088940299538e-06 0.0 2.4082239477092226e-06 -8.2952730972651e-07 0.0 2.99e-06 0.4501145519907248 1.5170866021068634 0.0 -0.8054260694679681 0.27743388285167503 0.0 
2.119996830607115 0.46317007002233335 1.0 -1.1945295634185162e-06 -4.5882096004229876e-06 0.0 2.4295631945877046e-06 -7.576045394112258e-07 0.0 2.99e-06 0.39950821519013635 1.534518261011027 0.0 -0.8125629413336812 0.25337944461913847 0.0 
2.1299968156571487 0.4645029779540541 1.0 -1.0418758339646935e-06 -4.6358112263654215e-06 0.0 2.44838815717817e-06 -6.852975185301407e-07 0.0 2.99e-06 0.3484534561754799 1.5504385372459548 0.0 -0.8188589154442047 0.22919649449168525 0.0 
2.1399968007071823 0.46582335435458166 1.0 -8.880392989955975e-07 -4.678869674987841e-06 0.0 2.4647009535507457e-06 -6.127139705754576e-07 0.0 2.99e-06 0.2970031100319695 1.5648393561832188 0.0 -0.8243147001841967 0.20492106039312902 0.0 
2.149996785757216 0.46713046943260994 1.0 -7.331778023339463e-07 -4.717367571607762e-06 0.0 2.478509415128612e-06 -5.399604424286884e-07 0.0 2.99e-06 0.24520996733576506 1.5777149068922225 0.0 -0.8289329147587339 0.18058877673200222 0.0 
2.1599967708072496 0.46842363207374343 1.0 -5.77448695740363e-07 -4.751294236070698e-06 0.0 2.4898269379555096e-06 -4.6714193236934883e-07 0.0 2.99e-06 0.1931266540937639 1.5890616174149435 0.0 -0.8327180394500041 0.15623475998974815 0.0 
2.1699967558572832 0.46970219177738476 1.0 -4.2100848927847686e-07 -4.780645585448769e-06 0.0 2.498672305710882e-06 -3.9436153621979616e-07 0.0 2.99e-06 0.1408055148088521 1.5988781222236628 0.0 -0.835676356425045 0.13189349037451314 0.0 
2.179996740907317 0.47096554027989307 1.0 -2.6401251280029473e-07 -4.805424014505975e-06 0.0 2.5050694867776643e-06 -3.217201140037201e-07 0.0 2.99e-06 0.08829849926430952 1.6071652222427952 0.0 -0.8378158818654404 0.10759870033569172 0.0 
2.1899967259573505 0.4722131128602538 1.0 -1.0661459018215989e-07 -4.825638255219031e-06 0.0 2.5090474078755277e-06 -2.493159791817354e-07 0.0 2.99e-06 0.03565705357262557 1.6139258378658907 0.0 -0.8391462902593747 0.08338327062934231 0.0 
2.199996711007384 0.47344438932858895 1.0 5.103327221626743e-08 -4.841303216772329e-06 0.0 2.5106397069349664e-06 -1.772446121967104e-07 0.0 2.99e-06 -0.017067984018821744 1.6191649554422445 0.0 -0.8396788317508257 0.05927913451394933 0.0 
2.2099966960574178 0.47465889470167666 1.0 2.0878118156567366e-07 -4.8524398075544496e-06 0.0 2.5098844680042825e-06 -1.0559839972073441e-07 0.0 2.99e-06 -0.0698264821289911 1.622889567743957 0.0 -0.839426243479694 0.035317190542051013 0.0 
2.2199966811074514 0.47585619957326386 1.0 3.6648163792449527e-07 -4.8590747407711016e-06 0.0 2.5068239410525315e-06 -3.4466400651663786e-08 0.0 2.99e-06 -0.12256910967374754 1.6251086089535396 0.0 -0.8384026558704127 0.011527224298214681 0.0 
2.229996666157485 0.4770359201902155 1.0 5.239897959910479e-07 -4.861240325355214e-06 0.0 2.5015042495581458e-06 3.606586043364787e-08 0.0 2.99e-06 -0.17524742340838056 1.6258328847341792 0.0 -0.8366234948355011 -0.012062160680150417 0.0 
2.2399966512075187 0.47819771824845536 1.0 6.811637084829348e-07 -4.858974243899328e-06 0.0 2.493975088757451e-06 1.0591657199415554e-07 0.0 2.99e-06 -0.22781394932539964 1.6250749979596355 0.0 -0.8341053808553357 -0.035423602673631246 0.0 
2.2499966362575523 0.4793413004251444 1.0 8.378645505568782e-07 -4.852319319359028e-06 0.0 2.4842894173725676e-06 1.7500778634971446e-07 0.0 2.99e-06 -0.28022225771133397 1.622849270688632 0.0 -0.8308660258771137 -0.058531032223985396 0.0 
2.2599966213075864 0.4804664176656485 1.0 9.93956824859273e-07 -4.841323272279761e-06 0.0 2.472503145547852e-06 2.4326554285734135e-07 0.0 2.99e-06 -0.3324270317255129 1.6191716629698134 0.0 -0.8269241289457706 -0.08135971333021513 0.0 
2.26999660635762 0.4815728642454903 1.0 1.1493085469692378e-06 -4.8260384702842795e-06 0.0 2.458674821602164e-06 3.1061996395542054e-07 0.0 2.99e-06 -0.38438412942115335 1.6140596890582812 0.0 -0.8222992714388516 -0.10388627557037539 0.0 
2.2799965914076536 0.4826604766287191 1.0 1.3037914111597595e-06 -4.806521671525459e-06 0.0 2.4428653200552523e-06 3.770053248427226e-07 0.0 2.99e-06 -0.4360506391838697 1.6075323316138594 0.0 -0.8170118127275099 -0.12608873740559345 0.0 
2.2899965764576873 0.4837291321449616 1.0 1.4572809365569878e-06 -4.7828337637610514e-06 0.0 2.425137533215096e-06 4.4236009778113154e-07 0.0 2.99e-06 -0.4873849286143809 1.5996099544351279 0.0 -0.8110827870284609 -0.14794652099703456 0.0 
2.299996561507721 0.48477874750784467 1.0 1.6096565939214188e-06 -4.755039500644834e-06 0.0 2.40555606842379e-06 5.066269722034568e-07 0.0 2.99e-06 -0.5383466869302441 1.59031421426248 0.0 -0.8045338021484254 -0.1694404589309226 0.0 
2.3099965465577545 0.48580927719753547 1.0 1.7608019134065055e-06 -4.7232072367543366e-06 0.0 2.3841869528571652e-06 5.69752851969898e-07 0.0 2.99e-06 -0.588896961005524 1.5796679721586346 0.0 -0.7973869407549055 -0.19055279330096983 0.0 
2.319996531607788 0.4868207117299002 1.0 1.9106045737693096e-06 -4.687408662790956e-06 0.0 2.3610973475622807e-06 6.316888312485738e-07 0.0 2.99e-06 -0.6389981852071308 1.5676952049468014 0.0 -0.7896646647365495 -0.2112671676416641 0.0 
2.329996516657822 0.48781307583419964 1.0 2.058956473613625e-06 -4.647718542295537e-06 0.0 2.3363552722013932e-06 6.923901505975838e-07 0.0 2.99e-06 -0.6886142052219522 1.5544209171556913 0.0 -0.7813897231442793 -0.2315686122399952 0.0 
2.3399965017078554 0.4887864265604357 1.0 2.2057537853382818e-06 -4.604214451123398e-06 0.0 2.31002934175494e-06 7.518161348994366e-07 0.0 2.99e-06 -0.7377102960997638 1.5398710538874176 0.0 -0.7725850641320877 -0.2514435233777386 0.0 
2.349996486757889 0.48974085133641854 1.0 2.350896992542033e-06 -4.5569765208190446e-06 0.0 2.2821885162229088e-06 8.099301148449019e-07 0.0 2.99e-06 -0.7862531747632258 1.5240724149896403 0.0 -0.7632737512451206 -0.2708796370718742 0.0 
2.3599964718079227 0.49067646599342013 1.0 2.4942909117017415e-06 -4.506087186924184e-06 0.0 2.252901864156814e-06 8.666993336843375e-07 0.0 2.99e-06 -0.8342110072581117 1.5070525708776468 0.0 -0.7534788843333832 -0.289865997887739 0.0 
2.3699964568579563 0.49159341277792773 1.0 2.6358446989928636e-06 -4.45163094314473e-06 0.0 2.222238340655987e-06 9.220948409624978e-07 0.0 2.99e-06 -0.8815534110344068 1.4888397803159563 0.0 -0.7432235253030063 -0.3083929233988294 0.0 
2.37999644190799 0.4924918583655701 1.0 2.7754718431610476e-06 -4.393694102194626e-06 0.0 2.1902665802741557e-06 9.76091374930129e-07 0.0 2.99e-06 -0.9282514525622275 1.4694629104329784 0.0 -0.7325306288542333 -0.32645196485957556 0.0 
2.3899964269580236 0.49337199189177716 1.0 2.9130901453816902e-06 -4.33236456402796e-06 0.0 2.157054705107085e-06 1.028667235284809e-06 0.0 2.99e-06 -0.9742776405958873 1.4489513592066687 0.0 -0.7214229782966846 -0.34403586464374947 0.0 
2.3999964120080572 0.4942340230121852 1.0 3.0486216870613014e-06 -4.267731592066995e-06 0.0 2.1226701481706692e-06 1.0798041478370324e-06 0.0 2.99e-06 -1.0196059154051218 1.4273349806244062 0.0 -0.7099231264784853 -0.3611385109822857 0.0 
2.409996397058091 0.49507818000427634 1.0 3.181992786541403e-06 -4.199885597933469e-06 0.0 2.0871794920321612e-06 1.1294871226280106e-06 0.0 2.99e-06 -1.064211634294788 1.4046440126867719 0.0 -0.6980533418167769 -0.37775489051104094 0.0 
2.4199963821081245 0.4959047079201914 1.0 3.313133945663347e-06 -4.1289179350945966e-06 0.0 2.050648322525747e-06 1.1777043069455208e-06 0.0 2.99e-06 -1.1080715537335653 1.3809090083928346 0.0 -0.6858355593731601 -0.3938810391122149 0.0 
2.429996367158158 0.49671386679920204 1.0 3.4419797871418203e-06 -4.054920701744356e-06 0.0 2.0131410972675893e-06 1.224446834595737e-06 0.0 2.99e-06 -1.15116380840864 1.3561607698141587 0.0 -0.673291336878793 -0.4095139915035916 0.0 
2.4399963522081918 0.49750592994688675 1.0 3.568468983676924e-06 -3.977986553155277e-06 0.0 1.9747210285846517e-06 1.269708672694516e-06 0.0 2.99e-06 -1.1934678875173703 1.330430285336206 0.0 -0.6604418155801516 -0.42465172999816647 0.0 
2.4499963372582254 0.4982811822867374 1.0 3.692544179710461e-06 -3.898208523656615e-06 0.0 1.9354499803857275e-06 1.3134864671431214e-06 0.0 2.99e-06 -1.2349646085988208 1.3037486701192622 0.0 -0.6473076857477355 -0.439293132823787 0.0 
2.459996322308259 0.4990399187886435 1.0 3.814151906702451e-06 -3.815679858321548e-06 0.0 1.895388378431563e-06 1.3557793878526868e-06 0.0 2.99e-06 -1.2756360891981486 1.276147109806531 0.0 -0.6339091566660751 -0.4534379223587587 0.0 
2.4699963073582927 0.4997824429775541 1.0 3.933242492769759e-06 -3.7304938543791998e-06 0.0 1.8545951334030327e-06 1.396588974680472e-06 0.0 2.99e-06 -1.315465716645409 1.2476568074846752 0.0 -0.6202659309040248 -0.4670866136055096 0.0 
2.4799962924083263 0.5005090655245459 1.0 4.049769967490962e-06 -3.6427437123067505e-06 0.0 1.8131275761211464e-06 1.4359189849405968e-06 0.0 2.99e-06 -1.3544381162177175 1.2183089338818494 0.0 -0.6063971826492134 -0.48024046319083563 0.0 
2.48999627745836 0.5012201029215613 1.0 4.163691962640972e-06 -3.552522396502727e-06 0.0 1.7710414042392655e-06 1.4737752432536494e-06 0.0 2.99e-06 -1.3925391179401287 1.1881345807701358 0.0 -0.5923215398793537 -0.4929014191483783 0.0 
2.4999962625083936 0.5019158762402319 1.0 4.274969609576242e-06 -3.459922505394497e-06 0.0 1.7283906397052844e-06 1.5101654944044154e-06 0.0 2.99e-06 -1.4297557222663062 1.1571647175232362 0.0 -0.5780570701355472 -0.505072071707163 0.0 
2.509996247558427 0.5025967099744211 1.0 4.383567433947246e-06 -3.3650361507909768e-06 0.0 1.6852275962786028e-06 1.5450992597857552e-06 0.0 2.99e-06 -1.4660760648653042 1.1254301507662061 0.0 -0.5636212696583962 -0.5167556052795174 0.0 
2.519996232608461 0.5032629309654713 1.0 4.489453248369985e-06 -3.2679548462552193e-06 0.0 1.6416028563824649e-06 1.5785876979200738e-06 0.0 2.99e-06 -1.5014893807257519 1.0929614870418725 0.0 -0.5490310556463099 -0.5279557518127342 0.0 
2.5299962176584945 0.5039148674085702 1.0 4.592598043643094e-06 -3.1687694042406857e-06 0.0 1.5975652565755681e-06 1.6106434694683456e-06 0.0 2.99e-06 -1.5359859677736147 1.0597890984082492 0.0 -0.5343027613965117 -0.5386767456415876 0.0 
2.539996202708528 0.50455284793815 1.0 4.6929758790521045e-06 -3.067569841709236e-06 0.0 1.553161880936793e-06 1.6412806070606314e-06 0.0 2.99e-06 -1.569557150184655 1.0259430908726472 0.0 -0.5194521340925735 -0.5489232799533889 0.0 
2.5499961877585617 0.5051772007898604 1.0 4.7905637722580475e-06 -2.9644452939278986e-06 0.0 1.508438061672447e-06 1.6705143902116907e-06 0.0 2.99e-06 -1.6021952415578802 0.991453275561163 0.0 -0.504494335007508 -0.5587004649537431 0.0 
2.5599961728085954 0.5057882530363047 1.0 4.8853415892242245e-06 -2.8594839361249095e-06 0.0 1.4634373862756814e-06 1.6983612255207296e-06 0.0 2.99e-06 -1.6338935081017523 0.9563491425166851 0.0 -0.48944394189822177 -0.5680137877995756 0.0 
2.569996157858629 0.5063863298934914 1.0 4.977291934592807e-06 -2.7527729126730165e-06 0.0 1.4182017105918392e-06 1.7248385322955548e-06 0.0 2.99e-06 -1.6646461319708437 0.9206598370143798 0.0 -0.47431495337519763 -0.5768690743463398 0.0 
2.5799961429086626 0.5069717540947539 1.0 5.066400042882361e-06 -2.6443982734592147e-06 0.0 1.3727711771706686e-06 1.7499646336883425e-06 0.0 2.99e-06 -1.694448174877049 0.8844141382806668 0.0 -0.45912079504035797 -0.5852724527385765 0.0 
2.5899961279586963 0.5075448453287578 1.0 5.1526536708384674e-06 -2.5344449170946145e-06 0.0 1.3271842383158482e-06 1.7737586533827277e-06 0.0 2.99e-06 -1.723295542086449 0.8476404404998641 0.0 -0.4438743271959364 -0.5932303188571 0.0 
2.59999611300873 0.5081059197381282 1.0 5.236042991232591e-06 -2.4229965406156427e-06 0.0 1.281477683273493e-06 1.7962404178297745e-06 0.0 2.99e-06 -1.7511849469005374 0.8103667359918467 0.0 -0.4285878539376236 -0.6007493036219985 0.0 
2.6099960980587635 0.508655289475192 1.0 5.316560488369249e-06 -2.310135595327928e-06 0.0 1.23568666903366e-06 1.8174303639933518e-06 0.0 2.99e-06 -1.778113875708784 0.7726206004441161 0.0 -0.41327313345607414 -0.6078362421382452 0.0 
2.619996083108797 0.5091932623113217 1.0 5.394200855528486e-06 -2.1959432484467084e-06 0.0 1.189844754251843e-06 1.8373494525332335e-06 0.0 2.99e-06 -1.804080553688462 0.734429180082504 0.0 -0.39794138938188783 -0.6144981446599447 0.0 
2.629996068158831 0.5097201412964064 1.0 5.46896089453971e-06 -2.0804993501920946e-06 0.0 1.143983935830608e-06 1.8560190863265571e-06 0.0 2.99e-06 -1.8290839112172996 0.6958191806662452 0.0 -0.3826033230202708 -0.620742169339986 0.0 
2.6399960532088644 0.510236224465021 1.0 5.540839417654002e-06 -1.9638824060037768e-06 0.0 1.0981346877344884e-06 1.8734610342048113e-06 0.0 2.99e-06 -1.8531235510548554 0.6568168581952358 0.0 -0.3672691263326054 -0.6265755967240175 0.0 
2.649996038258898 0.51074180458596 1.0 5.609837151855242e-06 -1.8461695535474683e-06 0.0 1.0523260016437178e-06 1.8896973597639273e-06 0.0 2.99e-06 -1.8761997163395512 0.6174480112198818 0.0 -0.35194849553301655 -0.6320058059411132 0.0 
2.6599960233089317 0.5112371689518868 1.0 5.675956645725582e-06 -1.7274365441943369e-06 0.0 1.0065854290840632e-06 1.9047503550890295e-06 0.0 2.99e-06 -1.898313259439999 0.5777379746469281 0.0 -0.336650645178617 -0.6370402525381373 0.0 
2.6699960083589653 0.5117225992059806 1.0 5.739202178958e-06 -1.6077577286646274e-06 0.0 9.609391247007186e-07 1.918642479222604e-06 0.0 2.99e-06 -1.9194656116916442 0.5377116149379951 0.0 -0.3213843226423813 -0.6416864479005369 0.0 
2.679995993408999 0.5121983712025727 1.0 5.799579674587848e-06 -1.4872060465374367e-06 0.0 9.154118903737558e-07 1.9313963011949792e-06 0.0 2.99e-06 -1.9396587540427637 0.497393326601142 0.0 -0.3061578228674774 -0.6459519401989902 0.0 
2.6899959784590326 0.5126647548989149 1.0 5.8570966139962265e-06 -1.3658530193399838e-06 0.0 8.700272199008694e-07 1.943034447428772e-06 0.0 2.99e-06 -1.9588951886275057 0.4568070298795858 0.0 -0.2909790033113281 -0.6498442967989208 0.0 
2.6999959635090662 0.5131220142753498 1.0 5.911761954720877e-06 -1.243768746941552e-06 0.0 8.248073440000125e-07 1.9535795533240325e-06 0.0 2.99e-06 -1.9771779112778907 0.4159761695456621 0.0 -0.2758552989966602 -0.6533710880682387 0.0 
2.7099959485591 0.5135704072813085 1.0 5.963586051094658e-06 -1.1210219069894205e-06 0.0 7.797732754099186e-07 1.963054218827986e-06 0.0 2.99e-06 -1.9945103849814962 0.37492371471217323 0.0 -0.26079373759529106 -0.6565398725177216 0.0 
2.7199959336091335 0.5140101858047017 1.0 6.012580577717765e-06 -9.976797571364277e-07 0.0 7.349448538904142e-07 1.9714809677922098e-06 0.0 2.99e-06 -2.010896514286883 0.333672159577393 0.0 -0.24580095447839995 -0.6593581832080974 0.0 
2.7299959186591676 0.5144415956624138 1.0 6.058758455757403e-06 -8.738081398221952e-07 0.0 6.903407909468236e-07 1.978882210920622e-06 0.0 2.99e-06 -2.0263406206546555 0.2922435250241379 0.0 -0.2308832076745235 -0.661833515358068 0.0 
2.739995903709201 0.5148648766097652 1.0 6.102133782057577e-06 -7.494714893823936e-07 0.0 6.45978714123663e-07 1.985280212113533e-06 0.0 2.99e-06 -2.040847418748359 0.2506593609974484 0.0 -0.21604639268349987 -0.6639733150881385 0.0 
2.749995888759235 0.5152802623669335 1.0 6.14272176103192e-06 -6.247328412726719e-07 0.0 6.01875210732222e-07 1.9906970580160195e-06 0.0 2.99e-06 -2.054421993656166 0.2089407495895147 0.0 -0.20129605710107812 -0.6657849692361273 0.0 
2.7599958738092685 0.5156879806604804 1.0 6.1805386393040124e-06 -4.996538432059154e-07 0.0 5.580458708945866e-07 1.995154630582886e-06 0.0 2.99e-06 -2.0670697790314474 0.1671083087645125 0.0 -0.18663741501491243 -0.6672757961815676 0.0 
2.769995858859302 0.5160882532782501 1.0 6.215601643052232e-06 -3.742947680132957e-07 0.0 5.14505329803193e-07 1.9986745824772454e-06 0.0 2.99e-06 -2.0787965361378755 0.1251821966599574 0.0 -0.1720753611381922 -0.6684530376178082 0.0 
2.7799958439093357 0.5164812961360413 1.0 6.247928918009842e-06 -2.487145280510709e-07 0.0 4.712673091101861e-07 2.0012783151251915e-06 0.0 2.99e-06 -2.0896083337825613 0.08318211640503267 0.0 -0.15761448465223668 -0.669323851212439 0.0 
2.7899958289593694 0.5168673193545817 1.0 6.277539472065648e-06 -1.229706909862496e-07 0.0 4.28344657374732e-07 2.0029869592549785e-06 0.0 2.99e-06 -2.0995115291189514 0.04112732140007569 0.0 -0.14325908273402463 -0.6698953040986553 0.0 
2.799995814009403 0.5172465273454393 1.0 6.304453120406032e-06 2.8805031949877073e-09 0.0 3.857493895090787e-07 2.0038213577554565e-06 0.0 2.99e-06 -2.108512749299682 -0.0009633789949869756 0.0 -0.1290131737488563 -0.6701743671422934 0.0 
2.8099957990594366 0.517619118904631 1.0 6.328690433135446e-06 1.2878412410183247e-07 0.0 3.434927251756209e-07 2.0038020506951453e-06 0.0 2.99e-06 -2.116618873958349 -0.043071613411991935 0.0 -0.11488051009218145 -0.6701679099314871 0.0 
2.8199957841094703 0.517985287312782 1.0 6.3502726853094685e-06 2.546865319121141e-07 0.0 3.015851260975926e-07 2.002949262350148e-06 0.0 2.99e-06 -2.123837018498156 -0.0851794421110828 0.0 -0.10086459066809171 -0.6698826964381769 0.0 
2.829995769159504 0.518345220440802 1.0 6.3692218093121526e-06 3.8053535753050683e-07 0.0 2.600363322553312e-07 2.00128289009604e-06 0.0 2.99e-06 -2.1301745181646052 -0.127269350344659 0.0 -0.0869686729950946 -0.6693253813030238 0.0 
2.8399957542095375 0.5186991008601218 1.0 6.385560349507649e-06 5.062794820487946e-07 0.0 2.1885539694841593e-07 1.998822495025869e-06 0.0 2.99e-06 -2.135638912878818 -0.16932424148789907 0.0 -0.07319578493258112 -0.6685025066976154 0.0 
2.849995739259571 0.519047105956636 1.0 6.399311419094848e-06 6.318690156166481e-07 0.0 1.780507207114346e-07 1.9955872941633447e-06 0.0 2.99e-06 -2.140237932807647 -0.21132742997213103 0.0 -0.05954873602389171 -0.6674204997201825 0.0 
2.859995724309605 0.5193894080475717 1.0 6.410498659093005e-06 7.572552758231431e-07 0.0 1.3763008407775298e-07 1.9915961541472308e-06 0.0 2.99e-06 -2.1439794846464957 -0.25326263405457083 0.0 -0.046030128454098526 -0.6660856702833551 0.0 
2.8699957093596384 0.5197261745005802 1.0 6.419146199385975e-06 8.823907656814582e-07 0.0 9.760067919150338e-08 1.986867586269726e-06 0.0 2.99e-06 -2.146871638590633 -0.2951139684553451 0.0 -0.032642367622576926 -0.6645042094547582 0.0 
2.879995694409672 0.5200575678544207 1.0 6.425278621752678e-06 1.0072291513018244e-06 0.0 5.7969140273143965e-08 1.981419742758287e-06 0.0 2.99e-06 -2.1489226159708013 -0.3368659368902502 0.0 -0.019387672332155718 -0.662682188213474 0.0 
2.8899956794597057 0.5203837459406678 1.0 6.42892092481178e-06 1.131725239330856e-06 0.0 1.8741572948420024e-08 1.9752704141968212e-06 0.0 2.99e-06 -2.150140777529029 -0.3785034245253779 0.0 -0.006268084598134336 -0.6606255565875658 0.0 
2.8999956645097393 0.5207048620059374 1.0 6.430098490809149e-06 1.255834954228851e-06 0.0 -2.0076417545558646e-08 1.9684370279884775e-06 0.0 2.99e-06 -2.150534612310758 -0.42001169037755015 0.0 0.006714520918246489 -0.6583401431399593 0.0 
2.909995649559773 0.5210210648341823 1.0 6.428837054177565e-06 1.3795153154505036e-06 0.0 -5.847969926007208e-08 1.9609366477683116e-06 0.0 2.99e-06 -2.150112727149693 -0.4613763596824507 0.0 0.019558427846177402 -0.6558316547720108 0.0 
2.9199956346098066 0.5213324988686563 1.0 6.425162671799171e-06 1.5027244145887166e-06 0.0 -9.646358752048099e-08 1.9527859736799794e-06 0.0 2.99e-06 -2.1488838367221366 -0.5025834162504149 0.0 0.03226206940484259 -0.6531056768160468 0.0 
2.9299956196598402 0.5216393043331928 1.0 6.41910169490246e-06 1.625421392535796e-06 0.0 -1.340238199755645e-07 1.944001343436201e-06 0.0 2.99e-06 -2.1468567541479855 -0.5436191948280334 0.0 0.04482402005871666 -0.650167673390034 0.0 
2.939995604709874 0.521941617352495 1.0 6.410680742526949e-06 1.7475664167112785e-06 0.0 -1.7115653268622692e-07 1.9345987340881163e-06 0.0 2.99e-06 -2.144040382116042 -0.584470373482041 0.0 0.05724298752047667 -0.6470229879893368 0.0 
2.9499955897599075 0.5222395700711611 1.0 6.399926676490247e-06 1.8691206584009297e-06 0.0 -2.0785823722767054e-07 1.9245937644337694e-06 0.0 2.99e-06 -2.1404437045117937 -0.6251239660203859 0.0 0.06951780509286584 -0.6436768442922308 0.0 
2.959995574809941 0.5225332907712141 1.0 6.386866577793828e-06 1.9900462702470722e-06 0.0 -2.4412579877783513e-07 1.9140016980008435e-06 0.0 2.99e-06 -2.1360757785263695 -0.6655673144639118 0.0 0.08164742434041253 -0.640134347157473 0.0 
2.9699955598599748 0.5228229039879352 1.0 6.3715277244055535e-06 2.1103063639263235e-06 0.0 -2.7995641516390055e-07 1.9028374465433826e-06 0.0 2.99e-06 -2.130945727225943 -0.7057880815807183 0.0 0.09363090808157153 -0.6364004837937737 0.0 
2.9799955449100084 0.5231085306238265 1.0 6.3539375703587294e-06 2.229864988047039e-06 0.0 -3.153475968379049e-07 1.8911155739966391e-06 0.0 2.99e-06 -2.1250627325614535 -0.7457742434940011 0.0 0.10546742369160642 -0.6324801250824882 0.0 
2.989995529960042 0.5233902880605613 1.0 6.334123726109341e-06 2.348687106295247e-06 0.0 -3.502971477520185e-07 1.878850300838321e-06 0.0 2.99e-06 -2.1184360287991164 -0.7855140823730004 0.0 0.11715623670636013 -0.6283780270362279 0.0 
2.9999955150100757 0.5236682902688007 1.0 6.312113940094922e-06 2.466738575854605e-06 0.0 -3.8480314710370556e-07 1.8660555088084343e-06 0.0 2.99e-06 -2.1110748963528225 -0.824996179215595 0.0 0.12869670471695782 -0.6240988323774029 0.0 
3.0099955000601093 0.5239426479157733 1.0 6.287936081440409e-06 2.583986126122915e-06 0.0 -4.188639319208767e-07 1.852744745943603e-06 0.0 2.99e-06 -2.1029886560001425 -0.86420940673008 0.0 0.14008827154544315 -0.6196470722219409 0.0 
3.019995485110143 0.5242134684705481 1.0 6.2616181237582e-06 2.700397337744954e-06 0.0 -4.5247808045716465e-07 1.838931231885218e-06 0.0 2.99e-06 -2.0941866634642863 -0.9031429223227351 0.0 0.15133046169135886 -0.6150271678545881 0.0 
3.0299954701601766 0.5244808563069312 1.0 6.233188129991516e-06 2.815940621978822e-06 0.0 -4.856443963676203e-07 1.824627863424024e-06 0.0 2.99e-06 -2.084678304344994 -0.9417861611969384 0.0 0.16242287503933733 -0.6102434325832858 0.0 
3.03999545521021 0.5247449128039413 1.0 6.202674238252039e-06 2.9305852004106683e-06 0.0 -5.183618936354097e-07 1.8098472202468102e-06 0.0 2.99e-06 -2.0744729893819582 -0.9801288295687933 0.0 0.17336518181786223 -0.6053000736611407 0.0 
3.049995440260244 0.5250057364438404 1.0 6.170104648604621e-06 3.0443010850304934e-06 0.0 -5.506297822204794e-07 1.794601570853726e-06 0.0 2.99e-06 -2.063580150034996 -1.0181608980035175 0.0 0.1841571177994909 -0.6002011942654604 0.0 
3.0599954253102775 0.5252634229076906 1.0 6.1355076107537215e-06 3.157059058679744e-06 0.0 -5.824474544016259e-07 1.7789028786174257e-06 0.0 2.99e-06 -2.0520092343657987 -1.0558725948761767 0.0 0.19479847973298473 -0.5949507955242228 0.0 
3.069995410360311 0.5255180651684348 1.0 6.098911412587992e-06 3.268830655879616e-06 0.0 -6.138144717839531e-07 1.762762807957734e-06 0.0 2.99e-06 -2.039769703206692 -1.093254399959746 0.0 0.2052891209979771 -0.589552778581182 0.0 
3.0799953954103447 0.5257697535815028 1.0 6.060344369541207e-06 3.3795881440473216e-06 0.0 -6.447305529443038e-07 1.7461927306078592e-06 0.0 2.99e-06 -2.026871026602416 -1.1302970381429251 0.0 0.2156289474730108 -0.5840109466915918 0.0 
3.0899953804603784 0.5260185759729539 1.0 6.019834814729452e-06 3.4893045051060756e-06 0.0 -6.751955616879078e-07 1.7292037319503493e-06 0.0 2.99e-06 -2.013322680511528 -1.166991473279632 0.0 0.22581791360799544 -0.5783290073412541 0.0 
3.099995365510412 0.5262646177251701 1.0 5.97741108982617e-06 3.597953417493178e-06 0.0 -7.052094958901825e-07 1.7118066174030024e-06 0.0 2.99e-06 -1.9991341437545775 -1.2033289021716398 0.0 0.23585601869236825 -0.5725105743822753 0.0 
3.1099953505604456 0.5265079618601298 1.0 5.933101536638296e-06 3.7055092385693393e-06 0.0 -7.347724768983502e-07 1.6940119188368182e-06 0.0 2.99e-06 -1.98431489519676 -1.239300748685406 0.0 0.24574330331048455 -0.566559170179538 0.0 
3.1199953356104793 0.526748689120292 1.0 5.886934489348303e-06 3.8119469874312496e-06 0.0 -7.63884739468284e-07 1.6758299010098201e-06 0.0 2.99e-06 -1.9688744111532843 -1.2748986580037707 0.0 0.25547984597601425 -0.5604782277624819 0.0 
3.129995320660513 0.5269868780471196 1.0 5.838938267388543e-06 3.917242328128404e-06 0.0 -7.925466222127626e-07 1.6572705680021891e-06 0.0 2.99e-06 -1.9528221630062075 -1.3101144910128524 0.0 0.26506575993737835 -0.554271092977321 0.0 
3.1399953057105465 0.5272226050572923 1.0 5.789141168915729e-06 4.021371553284254e-06 0.0 -8.207585585380921e-07 1.6383436696396428e-06 0.0 2.99e-06 -1.9361676150219889 -1.3449403188241735 0.0 0.2745011901465187 -0.5479410266353323 0.0 
3.14999529076058 0.5274559445166428 1.0 5.737571464854894e-06 4.124311568120951e-06 0.0 -8.485210680468367e-07 1.619058707893381e-06 0.0 2.99e-06 -1.9189202223595025 -1.3793684174317649 0.0 0.283786310383557 -0.541491206653305 0.0 
3.159995275810614 0.527686968811866 1.0 5.684257393483529e-06 4.226039874886215e-06 0.0 -8.758347483851838e-07 1.5994249432461895e-06 0.0 2.99e-06 -1.9010894292587115 -1.4133912625037595 0.0 0.2929213205301614 -0.5349247301826724 0.0 
3.1699952608606474 0.527915748420052 1.0 5.629227155527961e-06 4.326534557680187e-06 0.0 -9.027002675142565e-07 1.5794514010154775e-06 0.0 2.99e-06 -1.8826846674006623 -1.4470015243077634 0.0 0.3019064439847008 -0.5282446157242403 0.0 
3.179995245910681 0.5281423519760873 1.0 5.572508909745349e-06 4.425774267679578e-06 0.0 -9.291183563854564e-07 1.5591468776251094e-06 0.0 2.99e-06 -1.863715354429889 -1.4801920627690983 0.0 0.31074192521252686 -0.5214538052257894 0.0 
3.1899952309607147 0.5283668463379827 1.0 5.5141307689658845e-06 4.5237382087558855e-06 0.0 -9.550898020006925e-07 1.5385199468188912e-06 0.0 2.99e-06 -1.844190892630737 -1.51295592266084 0.0 0.3194280274249804 -0.5145551661601646 0.0 
3.1999952160107483 0.5285892966501772 1.0 5.454120796571048e-06 4.6204061234840126e-06 0.0 -9.806154408391067e-07 1.5175789658094957e-06 0.0 2.99e-06 -1.824120667749521 -1.5452863289244276 0.0 0.32796503038097174 -0.5075514935817715 0.0 
3.2099952010607824 0.5288097664048704 1.0 5.392507003384863e-06 4.715758279537236e-06 0.0 -1.00569615263265e-06 1.4963320813574536e-06 0.0 2.99e-06 -1.8035140479548102 -1.5771766821194857 0.0 0.3363532283052337 -0.5004455121596839 0.0 
3.219995186110816 0.5290283175014445 1.0 5.329317344956246e-06 4.809775456464128e-06 0.0 -1.0303328544735904e-06 1.4747872357756158e-06 0.0 2.99e-06 -1.7823803829285172 -1.6086205540013894 0.0 0.34459292791758833 -0.49323987818582515 0.0 
3.2299951711608497 0.5292450103040218 1.0 5.264579719211596e-06 4.902438932842748e-06 0.0 -1.0545264952377472e-06 1.4529521728552058e-06 0.0 2.99e-06 -1.760729003080808 -1.639611683225008 0.0 0.352684446567808 -0.4859371815569255 0.0 
3.2399951562108833 0.5294599036972208 1.0 5.198321964457771e-06 4.993730473807181e-06 0.0 -1.0782780503079385e-06 1.4308344437102283e-06 0.0 2.99e-06 -1.7385692188822044 -1.670143971172979 0.0 0.360628110470882 -0.4785399477291738 0.0 
3.249995141260917 0.5296730551401589 1.0 5.130571857716614e-06 5.083632318941289e-06 0.0 -1.101588516582805e-06 1.408441412537601e-06 0.0 2.99e-06 -1.7159103203065666 -1.7002114779067945 0.0 0.36842425303772697 -0.4710506396446831 0.0 
3.2599951263109506 0.5298845207187628 1.0 5.061357113373071e-06 5.17212717053438e-06 0.0 -1.1244589077568315e-06 1.38578026229092e-06 0.0 2.99e-06 -1.6927615763789603 -1.729808418238932 0.0 0.37607321329659865 -0.46347165962907066 0.0 
3.269995111360984 0.5300943551964324 1.0 4.99070538211988e-06 5.2591981821933725e-06 0.0 -1.1468902498580203e-06 1.3628580002662606e-06 0.0 2.99e-06 -1.6691322348227096 -1.758929157924214 0.0 0.3835753344006752 -0.4558053512596194 0.0 
3.279995096411018 0.530302612063119 1.0 4.918644250182637e-06 5.344828947805925e-06 0.0 -1.1688835770302941e-06 1.3396814635988778e-06 0.0 2.99e-06 -1.6450315218002205 -1.7875682099685457 0.0 0.3909309622174892 -0.44805400120363853 0.0 
3.2899950814610515 0.5305093435828685 1.0 4.845201238809854e-06 5.42900349084893e-06 0.0 -1.1904399275482952e-06 1.3162573246700691e-06 0.0 2.99e-06 -1.6204686417424337 -1.8157202310531628 0.0 0.3981404439960849 -0.44021984102677947 0.0 
3.299995066511085 0.5307146008398759 1.0 4.770403804013422e-06 5.511706254036737e-06 0.0 -1.2115603400528334e-06 1.2925920964238483e-06 0.0 2.99e-06 -1.5954527772620215 -1.8433800180724962 0.0 0.40520412710797055 -0.4323050489711872 0.0 
3.3099950515611187 0.5309184337831119 1.0 4.6942793365456016e-06 5.592922089303422e-06 0.0 -1.2322458499957853e-06 1.2686921375934059e-06 0.0 2.99e-06 -1.5699930891456935 -1.870542504783762 0.0 0.4121223578581217 -0.4243117517034807 0.0 
3.3199950366111524 0.5311208912695631 1.0 4.61685516209939e-06 5.672636248113455e-06 0.0 -1.2524974862837896e-06 1.2445636578376469e-06 0.0 2.99e-06 -1.544098716421208 -1.8972027585663818 0.0 0.41889548036247093 -0.4162420260326583 0.0 
3.329995021661186 0.5313220211061389 1.0 4.538158541719773e-06 5.750834372095099e-06 0.0 -1.2723162681105988e-06 1.2202127227883678e-06 0.0 2.99e-06 -1.5177787764949147 -1.9233559772893396 0.0 0.4255238354884941 -0.40809790059811685 0.0 
3.3399950067112196 0.5315218700902931 1.0 4.458216672413998e-06 5.8275024839909315e-06 0.0 -1.2917032019684476e-06 1.195645259008885e-06 0.0 2.99e-06 -1.4910423653558593 -1.9489974862846016 0.0 0.43200775985566764 -0.3998813575280557 0.0 
3.3499949917612533 0.531720484049404 1.0 4.377056687949634e-06 5.902626978919931e-06 0.0 -1.3106592788292773e-06 1.1708670588651504e-06 0.0 2.99e-06 -1.4638985578426942 -1.9741227354247353 0.0 0.43834758489273445 -0.3915943340686127 0.0 
3.359994976811287 0.5319179078789654 1.0 4.2947056598297425e-06 5.9761946159456175e-06 0.0 -1.3291854714871194e-06 1.145883785310594e-06 0.0 2.99e-06 -1.4363564079698206 -1.998727296302891 0.0 0.4445436359488689 -0.3832387241841457 0.0 
3.3699949618613205 0.532114185579625 1.0 4.211190598435021e-06 6.0481925099448345e-06 0.0 -1.3472827320533824e-06 1.1207009765861066e-06 0.0 2.99e-06 -1.4084249493093788 -2.0228068595133317 0.0 0.45059623145598027 -0.3748163801291332 0.0 
3.379994946911354 0.5323093602931191 1.0 4.126538454323336e-06 6.118608123771847e-06 0.0 -1.3649519895972165e-06 1.095324050836743e-06 0.0 2.99e-06 -1.380113195425872 -2.046357232030727 0.0 0.45650568213953685 -0.3663291139922223 0.0 
3.389994931961388 0.5325034743371471 1.0 4.040776119677503e-06 6.187429260712503e-06 0.0 -1.3821941479235369e-06 1.069758310646862e-06 0.0 2.99e-06 -1.3514301403603761 -2.0693743346864646 0.0 0.46227229027542993 -0.3577786992129979 0.0 
3.3999949170114214 0.532696569239221 1.0 3.953930429892685e-06 6.2546440572233535e-06 0.0 -1.3990100834816817e-06 1.0440089474955512e-06 0.0 2.99e-06 -1.3223847591614402 -2.091854199740261 0.0 0.4678963489905285 -0.34916687207209124 0.0 
3.409994902061455 0.5328886857695365 1.0 3.8660281652951905e-06 6.320240975950714e-06 0.0 -1.4154006433980599e-06 1.0180810461342923e-06 0.0 2.99e-06 -1.292986008459937 -2.113792968545398 0.0 0.4733781416047018 -0.34049533315528224 0.0 
3.4199948871114887 0.5330798639729027 1.0 3.7770960529848866e-06 6.38420879902478e-06 0.0 -1.4313666436265047e-06 9.919795888889207e-07 0.0 2.99e-06 -1.2632428270852534 -2.1351868893059556 0.0 0.47871794101220844 -0.3317657487922817 0.0 
3.4299948721615223 0.5332701431997663 1.0 3.6871607687938257e-06 6.446536621624044e-06 0.0 -1.4469088672103987e-06 9.6570945988802e-07 0.0 2.99e-06 -1.23316413672035 -2.1560323149244387 0.0 0.4839160091004673 -0.3229797524709102 0.0 
3.439994857211556 0.5334595621363702 1.0 3.5962489393540667e-06 6.507213845805389e-06 0.0 -1.4620280626509697e-06 9.392754492199645e-07 0.0 2.99e-06 -1.2027588425933404 -2.1763257009382664 0.0 0.4889725962043372 -0.31413894622741334 0.0 
3.4499948422615896 0.5336481588340807 1.0 3.5043871442680197e-06 6.566230174595377e-06 0.0 -1.4767249423764793e-06 9.126822570208866e-07 0.0 2.99e-06 -1.172035834203358 -2.196063603543614 0.0 0.49388794059413976 -0.30524490201367493 0.0 
3.4599948273116232 0.5338359707379176 1.0 3.4116019183749735e-06 6.6235756063383924e-06 0.0 -1.4910001813073331e-06 8.859344974959015e-07 0.0 2.99e-06 -1.1410039860785934 -2.2152426777051573 0.0 0.4986622679957631 -0.296299163042108 0.0 
3.469994812361657 0.5340230347143244 1.0 3.317919754107781e-06 6.679240429297442e-06 0.0 -1.504854415512438e-06 8.590367028759648e-07 0.0 2.99e-06 -1.1096721585644822 -2.2338596753503244 0.0 0.5032957911412831 -0.28730324510901883 0.0 
3.4799947974116905 0.5342093870782062 1.0 3.2233671039339666e-06 6.733215216503578e-06 0.0 -1.518288240952419e-06 8.319933273127807e-07 0.0 2.99e-06 -1.0780491986401295 -2.251911443646691 0.0 0.5077887093486345 -0.2782586378972516 0.0 
3.489994782461724 0.534395063619269 1.0 3.1279703828758e-06 6.78549082085004e-06 0.0 -1.5313022123055765e-06 8.048087507142049e-07 0.0 2.99e-06 -1.0461439407611441 -2.2693949233612267 0.0 0.5121412081289548 -0.2691668062589319 0.0 
3.4999947675117578 0.534580099627696 1.0 3.0317559711041384e-06 6.83605837042738e-06 0.0 -1.543896841872737e-06 7.774872825226159e-07 0.0 2.99e-06 -1.0139652077271435 -2.2863071473001364 0.0 0.5163534588203128 -0.2600291914791363 0.0 
3.5099947525617914 0.5347645299191818 1.0 2.9347502166010754e-06 6.884909264095999e-06 0.0 -1.5560725985573923e-06 7.500331654387429e-07 0.0 2.99e-06 -0.981521811572273 -2.3026452388281027 0.0 0.5204256182466189 -0.2508472125213192 0.0 
3.519994737611825 0.5349483888593599 1.0 2.836979437886675e-06 6.932035167292647e-06 0.0 -1.5678299069177773e-06 7.224505790934562e-07 0.0 2.99e-06 -0.9488225544771558 -2.318406410465778 0.0 0.5243578284005939 -0.241622267255337 0.0 
3.5299947226618587 0.5351317103876513 1.0 2.7384699268052586e-06 6.977428008067635e-06 0.0 -1.5791691462877652e-06 6.947436436700329e-07 0.0 2.99e-06 -0.9158762297007624 -2.333587962564436 0.0 0.5281502161497538 -0.23235573366890783 0.0 
3.5399947077118923 0.5353145280405562 1.0 2.6392479513669347e-06 7.021079973349635e-06 0.0 -1.5900906499636868e-06 6.669164234794175e-07 0.0 2.99e-06 -0.8826916225307545 -2.3481872820567435 0.0 0.5318028929644433 -0.2230489710633508 0.0 
3.549994692761926 0.5354968749744228 1.0 2.5393397586402163e-06 7.062983505435128e-06 0.0 -1.6005947044544017e-06 6.389729304909946e-07 0.0 2.99e-06 -0.8492775112509157 -2.362201841282661 0.0 0.5353159546670235 -0.21370332123444682 0.0 
3.5599946778119596 0.5356787839877099 1.0 2.4387715776917608e-06 7.103131298699687e-06 0.0 -1.61068154879216e-06 6.109171278213952e-07 0.0 2.99e-06 -0.8156426681243419 -2.375629196889537 0.0 0.5386894812013908 -0.2043201096392631 0.0 
3.569994662861993 0.5358602875427768 1.0 2.337569622569409e-06 7.141516296528476e-06 0.0 -1.620351373901997e-06 5.82752933183845e-07 0.0 2.99e-06 -0.7817958603911139 -2.38846698880552 0.0 0.5419235364220721 -0.19490064654978143 0.0 
3.579994647912027 0.5360414177872185 1.0 2.2357600953248456e-06 7.178131688463471e-06 0.0 -1.629604322027605e-06 5.544842223005608e-07 0.0 2.99e-06 -0.7477458512792199 -2.4007129392854516 0.0 0.5450181679022086 -0.185446228194168 0.0 
3.5899946329620605 0.5362222065747676 1.0 2.133369189072334e-06 7.212970907565095e-06 0.0 -1.6384404862118145e-06 5.261148322806875e-07 0.0 2.99e-06 -0.7135014010275438 -2.4123648520284697 0.0 0.5479734067598038 -0.17595813788651807 0.0 
3.599994618012094 0.5364026854857958 1.0 2.030423091080093e-06 7.246027627986088e-06 0.0 -1.6468599098300095e-06 4.976485649662554e-07 0.0 2.99e-06 -0.6790712679197709 -2.4234206113665944 0.0 0.550789267501675 -0.1664376471459053 0.0 
3.6099946030621277 0.5365828858474218 1.0 1.9269479858909893e-06 7.277295762755611e-06 0.0 -1.6548625861749803e-06 4.6908919024862307e-07 0.0 2.99e-06 -0.6444642093280976 -2.4338781815236255 0.0 0.5534657478846084 -0.15688601680556008 0.0 
3.6199945881121613 0.5367628387532596 1.0 1.8229700584693162e-06 7.3067694617717336e-06 0.0 -1.6624484580918967e-06 4.4044044935785287e-07 0.0 2.99e-06 -0.6096889827656651 -2.443735605943733 0.0 0.5560028287932761 -0.1473044981129948 0.0 
3.629994573162195 0.5369425750828197 1.0 1.7185154973705046e-06 7.334443110000589e-06 0.0 -1.6696174176622555e-06 4.1170605812744656e-07 0.0 2.99e-06 -0.5747543469466646 -2.4529910066891696 0.0 0.5584004741345333 -0.137694333821889 0.0 
3.6399945582122286 0.5371221255205852 1.0 1.6136104979306954e-06 7.360311325880667e-06 0.0 -1.67636930593583e-06 3.82889710236849e-07 0.0 2.99e-06 -0.539669062853083 -2.461642583906587 0.0 0.5606586307477689 -0.12805675927653865 0.0 
3.6499945432622622 0.5373015205747831 1.0 1.5082812654731517e-06 7.384368959930835e-06 0.0 -1.6827039127098106e-06 3.5399508043410445e-07 0.0 2.99e-06 -0.5044418948070818 -2.4696886153614925 0.0 0.56277722833104 -0.11839300348966755 0.0 
3.659994528312296 0.5374807905958665 1.0 1.402554018528549e-06 7.406611093560844e-06 0.0 -1.6886209763544933e-06 3.2502582774102476e-07 0.0 2.99e-06 -0.4690816115480173 -2.4771274560404253 0.0 0.5647561793827734 -0.10870429021439007 0.0 
3.6699945133623295 0.5376599657947272 1.0 1.296454992066217e-06 7.427033038083223e-06 0.0 -1.694120183685029e-06 2.959855986432049e-07 0.0 2.99e-06 -0.4335969873131237 -2.4839575378204852 0.0 0.5665953791588724 -0.09899183901110584 0.0 
3.679994498412363 0.5378390762606563 1.0 1.1900104407334408e-06 7.445630333925604e-06 0.0 -1.699201169878909e-06 2.66878030267192e-07 0.0 2.99e-06 -0.39799680292089085 -2.490177369205897 0.0 0.5682947056451199 -0.08925686631009817 0.0 
3.6899944834623972 0.5380181519790666 1.0 1.083246642099945e-06 7.462398750042679e-06 0.0 -1.703863518439014e-06 2.377067535470862e-07 0.0 2.99e-06 -0.3622898468561766 -2.4957855351313403 0.0 0.5698540195448205 -0.0795005864705979 0.0 
3.699994468512431 0.5381972228489972 1.0 9.761898999047019e-07 7.477334283527117e-06 0.0 -1.7081067612022118e-06 2.0847539638282033e-07 0.0 2.99e-06 -0.3264849163560952 -2.5007806968318214 0.0 0.571273164281676 -0.06972421283706418 0.0 
3.7099944535624645 0.5383763187004103 1.0 8.688665473021956e-07 7.490433159418922e-06 0.0 -1.7119303783936422e-06 1.791875867923339e-07 0.0 2.99e-06 -0.29059081849572527 -2.505161591778913 0.0 0.5725519660179402 -0.059928958793423234 0.0 
3.719994438612498 0.5385554693113007 1.0 7.6130295010528e-07 7.501691830712847e-06 0.0 -1.7153337987269738e-06 1.4984695605982144e-07 0.0 2.99e-06 -0.25461637127267656 -2.5089270336832357 0.0 0.5736902336879508 -0.050116038815994315 0.0 
3.7299944236625318 0.5387347044246262 1.0 6.535255100217338e-07 7.511106978563618e-06 0.0 -1.7183163995510792e-06 1.204571418822011e-07 0.0 2.99e-06 -0.21857040468955075 -2.512075912563092 0.0 0.5746877590471834 -0.040286669525820294 0.0 
3.7399944087125654 0.5389140537650801 1.0 5.455606678816015e-07 7.518675512688859e-06 0.0 -1.7208775070437166e-06 9.102179151591013e-08 0.0 2.99e-06 -0.18246176183331922 -2.5146071948792263 0.0 0.5755443167370287 -0.030442070741107594 0.0 
3.749994393762599 0.5390935470557089 1.0 4.3743490685236425e-07 7.524394571969731e-06 0.0 -1.7230163964529613e-06 6.154456492609472e-08 0.0 2.99e-06 -0.1462992999506312 -2.5165199237357054 0.0 0.5762596643655385 -0.020583466530466988 0.0 
3.7599943788126327 0.5392732140344005 1.0 3.291747556389417e-07 7.528261525249444e-06 0.0 -1.724732292387283e-06 3.202913794021914e-08 0.0 2.99e-06 -0.11009189151804843 -2.517813219146981 0.0 0.5768335426044421 -0.010712086267632346 0.0 
3.7699943638626663 0.539453084470242 1.0 2.2080679166546732e-07 7.530273972329914e-06 0.0 -1.7260243691553114e-06 2.4792054080748093e-09 0.0 2.99e-06 -0.07384842530618412 -2.5184862783712183 0.0 0.5772656753027793 -0.0008291656883198627 0.0 
3.7799943489127 0.5396331881797685 1.0 1.1235764423571586e-07 7.5304297451669686e-06 0.0 -1.72689175115649e-06 -2.710151562987773e-08 0.0 2.99e-06 -0.037577807436702054 -2.5185383763100324 0.0 0.5775557696175547 0.0090640520501258 0.0 
3.7899943339627336 0.5398135550431085 1.0 3.853997668985383e-09 7.528726909264627e-06 0.0 -1.7273335133239677e-06 -5.670928276395066e-08 0.0 2.99e-06 -0.0012889624311066064 -2.517968865974801 0.0 0.5777035161618617 0.018966315305668585 0.0 
3.799994319012767 0.5399942150200375 1.0 -1.046774055918485e-07 7.525163765269092e-06 0.0 -1.727348681621235e-06 -8.634032502462455e-08 0.0 2.99e-06 0.035009165749774265 -2.5167771790197726 0.0 0.5777085891709811 0.028876362884489283 0.0 
3.809994304062801 0.5401751981659517 1.0 -2.1320976190348284e-07 7.519738850763215e-06 0.0 -1.7269362335941614e-06 -1.1599083967812459e-07 0.0 2.99e-06 0.07130761267674224 -2.514962826342222 0.0 0.57757064668701 0.038792922969271906 0.0 
3.8199942891128345 0.5403565346477667 1.0 -3.2171620338002296e-07 7.5124509422623e-06 0.0 -1.7260950989802584e-06 -1.4565698900646382e-07 0.0 2.99e-06 0.10759739243478239 -2.5125253987499425 0.0 0.5772893307626277 0.048714712042295064 0.0 
3.829994274162868 0.5405382547597547 1.0 -4.301697948890994e-07 7.503299057412223e-06 0.0 -1.7248241603771393e-06 -1.7533489707030445e-07 0.0 2.99e-06 0.14386949661841997 -2.5094645676964054 0.0 0.5768642676846615 0.05864043380277688 0.0 
3.8399942592129017 0.5407203889393233 1.0 -5.385435310899849e-07 7.492282457390948e-06 0.0 -1.723122253972317e-06 -2.0502064645305625e-07 0.0 2.99e-06 0.18011489334112413 -2.5057800860839388 0.0 0.5762950682181658 0.0685687780779447 0.0 
3.8499942442629354 0.5409029677827485 1.0 -6.468103335175666e-07 7.479400649514613e-06 0.0 -1.7209881703366405e-06 -2.347102749847045e-07 0.0 2.99e-06 0.21632452626004775 -2.5014717891353317 0.0 0.5755813278717857 0.07849841972732538 0.0 
3.859994229312969 0.5410860220608641 1.0 -7.549430477161702e-07 7.46465339004947e-06 0.0 -1.7184206552838374e-06 -2.643997724439375e-07 0.0 2.99e-06 0.25248931361744026 -2.4965395953342804 0.0 0.5747226271852295 0.08842801753977789 0.0 
3.8699942143630026 0.5412695827347154 1.0 -8.62914440427392e-07 7.448040687231028e-06 0.0 -1.715418410798795e-06 -2.9408507723722766e-07 0.0 2.99e-06 0.2886001473001231 -2.490983507435136 0.0 0.5737185320397303 0.09835621312281807 0.0 
3.8799941994130362 0.5414536809711822 1.0 -9.70697196836255e-07 7.4295628044918646e-06 0.0 -1.7119800960373892e-06 -3.237620730536092e-07 0.0 2.99e-06 0.32464789191847193 -2.4848036135424394 0.0 0.5725685939924374 0.10828162978381524 0.0 
3.88999418446307 0.5416383481585767 1.0 -1.0782639178801875e-06 7.4092202638996155e-06 0.0 -1.7081043284008355e-06 -3.534265854939913e-07 0.0 2.99e-06 0.3606233839064092 -2.478000088260751 0.0 0.5712723506357306 0.11820287140267215 0.0 
3.8999941695131035 0.5418236159222173 1.0 -1.1855871176255036e-06 7.387013849806755e-06 0.0 -1.7037896846877202e-06 -3.830743786739485e-07 0.0 2.99e-06 0.3965174306439731 -2.4705731939153126 0.0 0.5698293259825147 0.12811852129563442 0.0 
3.909994154563137 0.5420095161399869 1.0 -1.2926392207162694e-06 7.362944612713827e-06 0.0 -1.6990347023270416e-06 -4.127011517990385e-07 0.0 2.99e-06 0.4323208096040954 -2.462523281844099 0.0 0.5682390308786088 0.138027141069912 0.0 
3.919994139613171 0.5421960809578678 1.0 -1.3993925599006418e-06 7.337013873347855e-06 0.0 -1.6938378806957793e-06 -4.4230253571181787e-07 0.0 2.99e-06 0.46802426752529014 -2.4538507937618346 0.0 0.5665009634434041 0.1479272694688349 0.0 
3.9299941246632044 0.5423833428054656 1.0 -1.5058193736399934e-06 7.309223226957713e-06 0.0 -1.688197682524688e-06 -4.718740894098496e-07 0.0 2.99e-06 0.5036185196120299 -2.4445562631965694 0.0 0.5646146095400291 0.15781742120730705 0.0 
3.939994109713238 0.5425713344115173 1.0 -1.6118918038063663e-06 7.279574547828268e-06 0.0 -1.682112535396205e-06 -5.014112965341342e-07 0.0 2.99e-06 0.5390942487646629 -2.4346403169994306 0.0 0.5625794432763224 0.16769608579736878 0.0 
3.9499940947632717 0.5427600888193781 1.0 -1.7175818934740407e-06 7.248069994015169e-06 0.0 -1.6755808333385442e-06 -5.309095618275391e-07 0.0 2.99e-06 0.5744421048408082 -2.4241036769281603 0.0 0.5603949275379743 0.17756172636372494 0.0 
3.9599940798133053 0.5429496394024954 1.0 -1.8228615848112644e-06 7.214712012302155e-06 0.0 -1.6686009385202517e-06 -5.603642075629584e-07 0.0 2.99e-06 0.6096527039502475 -2.4129471613050786 0.0 0.5580605145552677 0.18741277844914944 0.0 
3.969994064863339 0.5431400198798576 1.0 -1.927702717078454e-06 7.1795033433827865e-06 0.0 -1.661171183049681e-06 -5.897704699410996e-07 0.0 2.99e-06 0.6447166277854279 -2.401171686750106 0.0 0.5555756465049096 0.1972476488097318 0.0 
3.9799940499133726 0.5433312643314196 1.0 -2.03207702473946e-06 7.1424470272685146e-06 0.0 -1.653289870884055e-06 -6.191234954579759e-07 0.0 2.99e-06 0.6796244229897775 -2.38877826998948 0.0 0.552939756148513 0.20706471419999145 0.0 
3.989994034963406 0.5435234072134959 1.0 -2.1359561356927804e-06 7.103546408924983e-06 0.0 -1.6449552798529747e-06 -6.484183372423679e-07 0.0 2.99e-06 0.7143666005661389 -2.3757680297408075 0.0 0.5501522675093556 0.21686232014794862 0.0 
3.99999402001344 0.5437164833741169 1.0 -2.239311569629919e-06 7.062805144138458e-06 0.0 -1.6361656638014375e-06 -6.776499513637299e-07 0.0 2.99e-06 0.7489336353277237 -2.36214218867508 0.0 0.5472125965891091 0.22663877972031052 0.0 
4.009994005063474 0.5439105280683402 1.0 -2.342114736528389e-06 7.020227205614233e-06 0.0 -1.626919254857636e-06 -7.068131931112303e-07 0.0 2.99e-06 0.7833159653941015 -2.347902075456276 0.0 0.5441201521262992 0.23639237227800294 0.0 
